This file contains any messages produced by compilers while
running configure, to aid debugging if configure makes a mistake.

It was created by configure, which was
generated by GNU Autoconf 2.53.  Invocation command line was

  $ ./configure RANLIB=/opt/tbs_toolchains/marvell_uclibc/usr/bin/arm-linux-ranlib --prefix=/data/data/samba --exec-prefix=/data/data/samba --enable-shared-libs=no --host=arm-linux --disable-cups --disable-iprint --disable-pie --disable-fam --with-ads=no --with-ldap=no --with-cifsmount=no --with-logfilebase=/data/data/samba/var/log --with-swatdir=/data/data/samba/usr/local/swat --with-rootsbindir=/data/data/samba/sbin --with-lockdir=/data/data/samba/var/lock --with-piddir=/data/data/samba/var/lock --with-privatedir=/data/data/samba/etc/samba --with-configdir=/data/data/samba/etc/samba --cache-file=armsel-linux.cache --with-libtalloc=no --with-libtdb=no --with-libnetapi=no --with-libsmbclient=no --with-libsmbsharemodes=no --with-libaddns=no --enable-static=Samba

## --------- ##
## Platform. ##
## --------- ##

hostname = localhost.localdomain
uname -m = i686
uname -r = 2.6.18-53.el5
uname -s = Linux
uname -v = #1 SMP Mon Nov 12 02:22:48 EST 2007

/usr/bin/uname -p = unknown
/bin/uname -X     = unknown

/bin/arch              = i686
/usr/bin/arch -k       = unknown
/usr/convex/getsysinfo = unknown
hostinfo               = unknown
/bin/machine           = unknown
/usr/bin/oslevel       = unknown
/bin/universe          = unknown

PATH: /usr/kerberos/sbin
PATH: /usr/kerberos/bin
PATH: /usr/local/sbin
PATH: /usr/local/bin
PATH: /sbin
PATH: /bin
PATH: /usr/sbin
PATH: /usr/bin
PATH: /root/bin


## ----------- ##
## Core tests. ##
## ----------- ##

configure:1164: loading cache armsel-linux.cache
configure:1610: checking for arm-linux-gcc
configure:1639: result: no
configure:1648: checking for gcc
configure:1674: result: gcc
configure:1918: checking for C compiler version
configure:1921: gcc --version </dev/null >&5
gcc (GCC) 4.1.2 20070626 (Red Hat 4.1.2-14)
Copyright (C) 2006 Free Software Foundation, Inc.
This is free software; see the source for copying conditions.  There is NO
warranty; not even for MERCHANTABILITY or FITNESS FOR A PARTICULAR PURPOSE.

configure:1924: $? = 0
configure:1926: gcc -v </dev/null >&5
Using built-in specs.
Target: i386-redhat-linux
Configured with: ../configure --prefix=/usr --mandir=/usr/share/man --infodir=/usr/share/info --enable-shared --enable-threads=posix --enable-checking=release --with-system-zlib --enable-__cxa_atexit --disable-libunwind-exceptions --enable-libgcj-multifile --enable-languages=c,c++,objc,obj-c++,java,fortran,ada --enable-java-awt=gtk --disable-dssi --enable-plugin --with-java-home=/usr/lib/jvm/java-1.4.2-gcj-1.4.2.0/jre --with-cpu=generic --host=i386-redhat-linux
Thread model: posix
gcc version 4.1.2 20070626 (Red Hat 4.1.2-14)
configure:1929: $? = 0
configure:1931: gcc -V </dev/null >&5
gcc: '-V' option must have argument
configure:1934: $? = 1
configure:1960: checking for C compiler default output
configure:1963: gcc    conftest.c  >&5
configure:1966: $? = 0
configure:1999: result: a.out
configure:2004: checking whether the C compiler works
configure:2010: ./a.out
configure:2013: $? = 0
configure:2028: result: yes
configure:2035: checking whether we are cross compiling
configure:2037: result: no
configure:2040: checking for suffix of executables
configure:2042: gcc -o conftest    conftest.c  >&5
configure:2045: $? = 0
configure:2067: result: 
configure:2073: checking for suffix of object files
configure:2119: result: o
configure:2123: checking whether we are using the GNU C compiler
configure:2171: result: yes
configure:2177: checking whether gcc accepts -g
configure:2220: result: yes
configure:2247: gcc -c -g -O2  conftest.c >&5
conftest.c:2: error: expected '=', ',', ';', 'asm' or '__attribute__' before 'me'
configure:2250: $? = 1
configure: failed program was:
#ifndef __cplusplus
  choke me
#endif
configure:2368: checking how to run the C preprocessor
configure:2470: result: gcc -E
configure:2485: gcc -E  conftest.c
configure:2491: $? = 0
configure:2518: gcc -E  conftest.c
configure:2514:28: error: ac_nonexistent.h: No such file or directory
configure:2524: $? = 1
configure: failed program was:
#line 2513 "configure"
#include "confdefs.h"
#include <ac_nonexistent.h>
configure:2602: checking for a BSD-compatible install
configure:2656: result: /usr/bin/install -c
configure:2671: checking for gawk
configure:2697: result: gawk
configure:2709: checking for perl
configure:2739: result: /usr/bin/perl
configure:2750: checking for arm-linux-ar
configure:2779: result: no
configure:2788: checking for ar
configure:2814: result: ar
configure:2835: checking if the linker (ld) is GNU ld
configure:2847: result: yes
configure:2852: checking for library containing strerror
configure:2953: result: none required
configure:2964: checking whether gcc and cc understand -c and -o together
configure:3044: result: yes
configure:3063: checking that the C compiler understands -Werror
configure:3123: result: yes
configure:3195: checking that the C compiler understands volatile
configure:3239: result: yes
configure:3250: checking uname -s
configure:3252: result: Linux
configure:3256: checking uname -r
configure:3258: result: 2.6.18-53.el5
configure:3262: checking uname -m
configure:3264: result: i686
configure:3268: checking uname -p
configure:3270: result: i686
configure:3279: checking build system type
configure:3297: result: i686-pc-linux-gnu
configure:3305: checking host system type
configure:3319: result: arm-unknown-linux-gnu
configure:3327: checking target system type
configure:3341: result: arm-unknown-linux-gnu
configure:3366: checking config.cache system type
configure:3380: result: same
configure:3704: checking for LFS support
configure:3753: gcc -o conftest -O  -D_LARGEFILE64_SOURCE -D_FILE_OFFSET_BITS=64 -D_GNU_SOURCE   conftest.c  >&5
configure:3756: $? = 0
configure:3758: ./conftest
configure:3761: $? = 0
configure:3792: result: yes
configure:4023: checking for gcc option to accept ANSI C
configure:4112: result: none needed
configure:4120: checking for inline
configure:4157: result: inline
configure:4173: checking for ANSI C header files
configure:4302: result: yes
configure:4320: checking for dirent.h that defines DIR
configure:4366: result: yes
configure:4379: checking for library containing opendir
configure:4480: result: none required
configure:4598: checking whether time.h and sys/time.h may both be included
configure:4645: result: yes
configure:4655: checking for sys/wait.h that is POSIX.1 compatible
configure:4708: result: yes
configure:4732: checking for sys/types.h
configure:4764: result: yes
configure:4732: checking for sys/stat.h
configure:4764: result: yes
configure:4732: checking for stdlib.h
configure:4764: result: yes
configure:4732: checking for string.h
configure:4764: result: yes
configure:4732: checking for memory.h
configure:4764: result: yes
configure:4732: checking for strings.h
configure:4764: result: yes
configure:4732: checking for inttypes.h
configure:4764: result: yes
configure:4732: checking for stdint.h
configure:4764: result: yes
configure:4732: checking for unistd.h
configure:4764: result: yes
configure:4786: checking for arpa/inet.h
configure:4791: result: yes
configure:4786: checking for sys/fcntl.h
configure:4791: result: yes
configure:4786: checking for sys/select.h
configure:4791: result: yes
configure:4786: checking for fcntl.h
configure:4791: result: yes
configure:4786: checking for sys/time.h
configure:4791: result: yes
configure:4786: checking for sys/unistd.h
configure:4791: result: yes
configure:4906: checking for unistd.h
configure:4911: result: yes
configure:4906: checking for utime.h
configure:4911: result: yes
configure:4906: checking for grp.h
configure:4911: result: yes
configure:4906: checking for sys/id.h
configure:4911: result: no
configure:4906: checking for limits.h
configure:4911: result: yes
configure:4906: checking for memory.h
configure:4911: result: yes
configure:4906: checking for net/if.h
configure:4911: result: yes
configure:5023: checking for rpc/rpc.h
configure:5028: result: yes
configure:5023: checking for rpcsvc/nis.h
configure:5028: result: yes
configure:5023: checking for rpcsvc/yp_prot.h
configure:5028: result: yes
configure:5023: checking for rpcsvc/ypclnt.h
configure:5028: result: yes
configure:5143: checking for sys/param.h
configure:5148: result: yes
configure:5143: checking for ctype.h
configure:5148: result: yes
configure:5143: checking for sys/wait.h
configure:5148: result: yes
configure:5143: checking for sys/resource.h
configure:5148: result: yes
configure:5143: checking for sys/ioctl.h
configure:5148: result: yes
configure:5143: checking for sys/ipc.h
configure:5148: result: yes
configure:5143: checking for sys/mode.h
configure:5148: result: no
configure:5264: checking for sys/mman.h
configure:5269: result: yes
configure:5264: checking for sys/filio.h
configure:5269: result: no
configure:5264: checking for sys/priv.h
configure:5269: result: no
configure:5264: checking for sys/shm.h
configure:5269: result: yes
configure:5264: checking for string.h
configure:5269: result: yes
configure:5264: checking for strings.h
configure:5269: result: yes
configure:5264: checking for stdlib.h
configure:5269: result: yes
configure:5264: checking for sys/socket.h
configure:5269: result: yes
configure:5383: checking for sys/mount.h
configure:5388: result: yes
configure:5383: checking for sys/vfs.h
configure:5388: result: yes
configure:5383: checking for sys/fs/s5param.h
configure:5388: result: no
configure:5383: checking for sys/filsys.h
configure:5388: result: no
configure:5383: checking for termios.h
configure:5388: result: yes
configure:5383: checking for termio.h
configure:5388: result: yes
configure:5502: checking for sys/termio.h
configure:5507: result: no
configure:5502: checking for sys/statfs.h
configure:5507: result: yes
configure:5502: checking for sys/dustat.h
configure:5507: result: no
configure:5502: checking for sys/statvfs.h
configure:5507: result: yes
configure:5502: checking for stdarg.h
configure:5507: result: yes
configure:5502: checking for sys/sockio.h
configure:5507: result: no
configure:5618: checking for security/pam_modules.h
configure:5623: result: yes
configure:5618: checking for security/_pam_macros.h
configure:5623: result: yes
configure:5618: checking for dlfcn.h
configure:5623: result: yes
configure:5734: checking for sys/syslog.h
configure:5739: result: yes
configure:5734: checking for syslog.h
configure:5739: result: yes
configure:5734: checking for execinfo.h
configure:5739: result: yes
configure:5849: checking for langinfo.h
configure:5854: result: yes
configure:5849: checking for locale.h
configure:5854: result: yes
configure:5967: checking for CoreFoundation/CFStringEncodingConverter.h
configure:5972: result: no
configure:6078: checking for CFStringEncodingConverter.h
configure:6083: result: no
configure:6202: checking for valgrind.h
configure:6207: result: no
configure:6202: checking for valgrind/valgrind.h
configure:6207: result: yes
configure:6202: checking for valgrind/memcheck.h
configure:6207: result: yes
configure:6373: checking for shadow.h
configure:6378: result: yes
configure:6373: checking for netinet/ip.h
configure:6378: result: yes
configure:6373: checking for netinet/tcp.h
configure:6378: result: yes
configure:6373: checking for netinet/in_systm.h
configure:6378: result: yes
configure:6373: checking for netinet/in_ip.h
configure:6378: result: no
configure:6493: checking for nss.h
configure:6498: result: yes
configure:6493: checking for nss_common.h
configure:6498: result: no
configure:6493: checking for nsswitch.h
configure:6498: result: no
configure:6493: checking for ns_api.h
configure:6498: result: no
configure:6493: checking for sys/security.h
configure:6498: result: no
configure:6493: checking for security/pam_appl.h
configure:6498: result: yes
configure:6493: checking for security/pam_modules.h
configure:6498: result: yes
configure:6608: checking for stropts.h
configure:6613: result: yes
configure:6608: checking for poll.h
configure:6613: result: yes
configure:6724: checking for sys/capability.h
configure:6729: result: yes
configure:6724: checking for syscall.h
configure:6729: result: yes
configure:6724: checking for sys/syscall.h
configure:6729: result: yes
configure:6843: checking for sys/acl.h
configure:6848: result: yes
configure:6843: checking for sys/attributes.h
configure:6848: result: no
configure:6843: checking for attr/xattr.h
configure:6848: result: yes
configure:6843: checking for sys/xattr.h
configure:6848: result: yes
configure:6843: checking for sys/cdefs.h
configure:6848: result: yes
configure:6843: checking for glob.h
configure:6848: result: yes
configure:6961: checking for utmp.h
configure:6966: result: yes
configure:6961: checking for utmpx.h
configure:6966: result: yes
configure:6961: checking for lastlog.h
configure:6966: result: yes
configure:7071: checking for int
configure:7117: result: yes
configure:7120: checking size of int
configure:7426: result: 4
configure:7433: checking for long
configure:7479: result: yes
configure:7482: checking size of long
configure:7788: result: 4
configure:7795: checking for short
configure:7841: result: yes
configure:7844: checking size of short
configure:8150: result: 2
configure:8158: checking for an ANSI C-conforming const
configure:8247: result: yes
configure:8257: checking for inline
configure:8294: result: inline
configure:8309: checking whether byte ordering is bigendian
configure:8492: result: no
configure:8512: checking whether char is unsigned
configure:8557: result: no
configure:8567: checking return type of signal handlers
configure:8620: result: void
configure:8628: checking for uid_t in sys/types.h
configure:8648: result: yes
configure:8663: checking for mode_t
configure:8709: result: yes
configure:8721: checking for off_t
configure:8767: result: yes
configure:8779: checking for size_t
configure:8825: result: yes
configure:8837: checking for pid_t
configure:8883: result: yes
configure:8896: checking for struct stat.st_rdev
configure:8941: result: yes
configure:8957: checking for d_off in dirent
configure:9003: result: yes
configure:9013: checking for ino_t
configure:9059: result: yes
configure:9071: checking for loff_t
configure:9117: result: yes
configure:9129: checking for offset_t
configure:9175: result: no
configure:9187: checking for ssize_t
configure:9233: result: yes
configure:9245: checking for wchar_t
configure:9291: result: yes
configure:9368: checking for library containing dlopen
configure:9469: result: -ldl
configure:9480: checking for immediate structures
configure:9535: result: yes
configure:9547: checking if the compiler will optimize out function calls
configure:9599: result: yes
configure:9611: checking for unix domain sockets
configure:9663: result: yes
configure:9674: checking for socklen_t type
configure:9724: result: yes
configure:9734: checking for sig_atomic_t type
configure:9784: result: yes
configure:9796: checking for errno declaration
configure:9840: result: yes
configure:9851: checking for setresuid declaration
configure:9895: result: yes
configure:9906: checking for setresgid declaration
configure:9950: result: yes
configure:9961: checking for asprintf declaration
configure:10005: result: yes
configure:10016: checking for vasprintf declaration
configure:10060: result: yes
configure:10071: checking for vsnprintf declaration
configure:10115: result: yes
configure:10126: checking for snprintf declaration
configure:10170: result: yes
configure:10183: checking for real setresuid
configure:10220: result: yes
configure:10232: checking for real setresgid
configure:10270: result: yes
configure:10280: checking for working memcmp
configure:10352: result: yes
configure:10362: checking whether to use readline
configure:10370: result: yes
configure:10380: checking for readline.h
configure:10385: result: no
configure:10380: checking for history.h
configure:10385: result: no
configure:10380: checking for readline/readline.h
configure:10385: result: yes
configure:10494: checking for readline/history.h
configure:10499: result: yes
configure:10610: checking for readline.h
configure:10615: result: no
configure:10610: checking for readline/readline.h
configure:10615: result: yes
configure:10717: checking for tgetent in -lncurses
configure:10770: result: yes
configure:10777: checking for rl_callback_handler_install in -lreadline
configure:10830: result: yes
configure:11359: checking for rl_completion_matches in -lreadline
configure:11412: result: yes
configure:11433: checking for connect
configure:11495: result: yes
configure:11792: checking for library containing yp_get_default_domain
configure:11893: result: -lnsl
configure:11904: checking for yp_get_default_domain
configure:11966: result: yes
configure:11982: checking for execl
configure:12044: result: yes
configure:12080: checking for dlopen
configure:12142: result: yes
configure:12080: checking for dlclose
configure:12142: result: yes
configure:12080: checking for dlsym
configure:12142: result: yes
configure:12080: checking for dlerror
configure:12142: result: yes
configure:12080: checking for waitpid
configure:12142: result: yes
configure:12080: checking for getcwd
configure:12142: result: yes
configure:12080: checking for strdup
configure:12142: result: yes
configure:12080: checking for strndup
configure:12142: result: yes
configure:12080: checking for strnlen
configure:12142: result: yes
configure:12080: checking for strtoul
configure:12142: result: yes
configure:12080: checking for strerror
configure:12142: result: yes
configure:12080: checking for chown
configure:12142: result: yes
configure:12080: checking for fchown
configure:12142: result: yes
configure:12080: checking for chmod
configure:12142: result: yes
configure:12080: checking for fchmod
configure:12142: result: yes
configure:12080: checking for chroot
configure:12142: result: yes
configure:12080: checking for link
configure:12142: result: yes
configure:12080: checking for mknod
configure:12142: result: yes
configure:12080: checking for mknod64
configure:12142: result: no
configure:12166: checking for fstat
configure:12228: result: yes
configure:12166: checking for strchr
configure:12228: result: yes
configure:12166: checking for utime
configure:12228: result: yes
configure:12166: checking for utimes
configure:12228: result: yes
configure:12166: checking for getrlimit
configure:12228: result: yes
configure:12166: checking for fsync
configure:12228: result: yes
configure:12166: checking for bzero
configure:12228: result: yes
configure:12166: checking for memset
configure:12228: result: yes
configure:12166: checking for strlcpy
configure:12228: result: no
configure:12166: checking for strlcat
configure:12228: result: no
configure:12166: checking for setpgid
configure:12228: result: yes
configure:12252: checking for memmove
configure:12314: result: yes
configure:12252: checking for vsnprintf
configure:12314: result: yes
configure:12252: checking for snprintf
configure:12314: result: yes
configure:12252: checking for asprintf
configure:12314: result: yes
configure:12252: checking for vasprintf
configure:12314: result: yes
configure:12252: checking for setsid
configure:12314: result: yes
configure:12252: checking for glob
configure:12314: result: yes
configure:12252: checking for strpbrk
configure:12314: result: yes
configure:12252: checking for pipe
configure:12314: result: yes
configure:12252: checking for crypt16
configure:12314: result: no
configure:12252: checking for getauthuid
configure:12314: result: no
configure:12336: checking for strftime
configure:12398: result: yes
configure:12336: checking for sigprocmask
configure:12398: result: yes
configure:12336: checking for sigblock
configure:12398: result: yes
configure:12336: checking for sigaction
configure:12398: result: yes
configure:12336: checking for sigset
configure:12398: result: yes
configure:12336: checking for innetgr
configure:12398: result: yes
configure:12336: checking for setnetgrent
configure:12398: result: yes
configure:12336: checking for getnetgrent
configure:12398: result: yes
configure:12336: checking for endnetgrent
configure:12398: result: yes
configure:12419: checking for initgroups
configure:12481: result: yes
configure:12419: checking for select
configure:12481: result: yes
configure:12419: checking for poll
configure:12481: result: yes
configure:12419: checking for rdchk
configure:12481: result: no
configure:12419: checking for getgrnam
configure:12481: result: yes
configure:12419: checking for getgrent
configure:12481: result: yes
configure:12419: checking for pathconf
configure:12481: result: yes
configure:12419: checking for realpath
configure:12481: result: yes
configure:12504: checking for setpriv
configure:12566: result: no
configure:12504: checking for setgidx
configure:12566: result: no
configure:12504: checking for setuidx
configure:12566: result: no
configure:12504: checking for setgroups
configure:12566: result: yes
configure:12504: checking for sysconf
configure:12566: result: yes
configure:12504: checking for mktime
configure:12566: result: yes
configure:12504: checking for rename
configure:12566: result: yes
configure:12504: checking for ftruncate
configure:12566: result: yes
configure:12504: checking for stat64
configure:12566: result: yes
configure:12504: checking for fstat64
configure:12566: result: yes
configure:12587: checking for lstat64
configure:12649: result: yes
configure:12587: checking for fopen64
configure:12649: result: yes
configure:12587: checking for atexit
configure:12649: result: yes
configure:12587: checking for grantpt
configure:12649: result: yes
configure:12587: checking for dup2
configure:12649: result: yes
configure:12587: checking for lseek64
configure:12649: result: yes
configure:12587: checking for ftruncate64
configure:12649: result: yes
configure:12587: checking for readdir64
configure:12649: result: yes
configure:12669: checking for fseek64
configure:12731: result: no
configure:12669: checking for fseeko64
configure:12731: result: yes
configure:12669: checking for ftell64
configure:12731: result: no
configure:12669: checking for ftello64
configure:12731: result: yes
configure:12669: checking for setluid
configure:12731: result: no
configure:12669: checking for getpwanam
configure:12731: result: no
configure:12669: checking for setlinebuf
configure:12731: result: yes
configure:12755: checking for srandom
configure:12817: result: yes
configure:12755: checking for random
configure:12817: result: yes
configure:12755: checking for srand
configure:12817: result: yes
configure:12755: checking for rand
configure:12817: result: yes
configure:12755: checking for setenv
configure:12817: result: yes
configure:12755: checking for usleep
configure:12817: result: yes
configure:12755: checking for strcasecmp
configure:12817: result: yes
configure:12755: checking for fcvt
configure:12817: result: yes
configure:12755: checking for fcvtl
configure:12817: result: no
configure:12755: checking for symlink
configure:12817: result: yes
configure:12755: checking for readlink
configure:12817: result: yes
configure:12833: checking for syslog
configure:12895: result: yes
configure:12833: checking for vsyslog
configure:12895: result: yes
configure:12833: checking for timegm
configure:12895: result: yes
configure:12910: checking for setlocale
configure:12972: result: yes
configure:12910: checking for nl_langinfo
configure:12972: result: yes
configure:12990: checking for setbuffer
configure:13052: result: yes
configure:12990: checking for shmget
configure:13052: result: yes
configure:12990: checking for shm_open
configure:13052: result: no
configure:12990: checking for backtrace_symbols
configure:13052: result: yes
configure:13067: checking for libexc.h
configure:13072: result: no
configure:13177: checking for trace_back_stack in -lexc
configure:13230: result: no
configure:13247: checking for syscall
configure:13309: result: yes
configure:13330: checking for _dup
configure:13392: result: no
configure:13330: checking for _dup2
configure:13392: result: no
configure:13330: checking for _opendir
configure:13392: result: no
configure:13330: checking for _readdir
configure:13392: result: no
configure:13330: checking for _seekdir
configure:13392: result: no
configure:13330: checking for _telldir
configure:13392: result: no
configure:13330: checking for _closedir
configure:13392: result: no
configure:13412: checking for __dup
configure:13474: result: no
configure:13412: checking for __dup2
configure:13474: result: yes
configure:13412: checking for __opendir
configure:13474: result: no
configure:13412: checking for __readdir
configure:13474: result: no
configure:13412: checking for __seekdir
configure:13474: result: no
configure:13412: checking for __telldir
configure:13474: result: no
configure:13412: checking for __closedir
configure:13474: result: no
configure:13489: checking for __getcwd
configure:13551: result: no
configure:13489: checking for _getcwd
configure:13551: result: no
configure:13567: checking for __xstat
configure:13629: result: yes
configure:13567: checking for __fxstat
configure:13629: result: yes
configure:13567: checking for __lxstat
configure:13629: result: yes
configure:13648: checking for _stat
configure:13710: result: no
configure:13648: checking for _lstat
configure:13710: result: no
configure:13648: checking for _fstat
configure:13710: result: no
configure:13648: checking for __stat
configure:13710: result: yes
configure:13648: checking for __lstat
configure:13710: result: yes
configure:13648: checking for __fstat
configure:13710: result: yes
configure:13731: checking for _acl
configure:13793: result: no
configure:13731: checking for __acl
configure:13793: result: no
configure:13731: checking for _facl
configure:13793: result: no
configure:13731: checking for __facl
configure:13793: result: no
configure:13731: checking for _open
configure:13793: result: no
configure:13731: checking for __open
configure:13793: result: yes
configure:13731: checking for _chdir
configure:13793: result: no
configure:13731: checking for __chdir
configure:13793: result: no
configure:13812: checking for _close
configure:13874: result: no
configure:13812: checking for __close
configure:13874: result: yes
configure:13812: checking for _fchdir
configure:13874: result: no
configure:13812: checking for __fchdir
configure:13874: result: no
configure:13812: checking for _fcntl
configure:13874: result: no
configure:13812: checking for __fcntl
configure:13874: result: yes
configure:13894: checking for getdents
configure:13956: result: no
configure:13894: checking for _getdents
configure:13956: result: no
configure:13894: checking for __getdents
configure:13956: result: no
configure:13894: checking for _lseek
configure:13956: result: no
configure:13894: checking for __lseek
configure:13956: result: yes
configure:13894: checking for _read
configure:13956: result: no
configure:13894: checking for __read
configure:13956: result: yes
configure:13974: checking for getdirentries
configure:14036: result: yes
configure:13974: checking for _write
configure:14036: result: no
configure:13974: checking for __write
configure:14036: result: yes
configure:13974: checking for _fork
configure:14036: result: no
configure:13974: checking for __fork
configure:14036: result: yes
configure:14055: checking for _stat64
configure:14117: result: no
configure:14055: checking for __stat64
configure:14117: result: no
configure:14055: checking for _fstat64
configure:14117: result: no
configure:14055: checking for __fstat64
configure:14117: result: no
configure:14055: checking for _lstat64
configure:14117: result: no
configure:14055: checking for __lstat64
configure:14117: result: no
configure:14137: checking for __sys_llseek
configure:14199: result: no
configure:14137: checking for llseek
configure:14199: result: yes
configure:14137: checking for _llseek
configure:14199: result: no
configure:14137: checking for __llseek
configure:14199: result: no
configure:14137: checking for readdir64
configure:14199: result: yes
configure:14137: checking for _readdir64
configure:14199: result: no
configure:14137: checking for __readdir64
configure:14199: result: no
configure:14218: checking for pread
configure:14280: result: yes
configure:14218: checking for _pread
configure:14280: result: no
configure:14218: checking for __pread
configure:14280: result: no
configure:14218: checking for pread64
configure:14280: result: yes
configure:14218: checking for _pread64
configure:14280: result: no
configure:14218: checking for __pread64
configure:14280: result: yes
configure:14299: checking for pwrite
configure:14361: result: yes
configure:14299: checking for _pwrite
configure:14361: result: no
configure:14299: checking for __pwrite
configure:14361: result: no
configure:14299: checking for pwrite64
configure:14361: result: yes
configure:14299: checking for _pwrite64
configure:14361: result: no
configure:14299: checking for __pwrite64
configure:14361: result: yes
configure:14378: checking for open64
configure:14440: result: yes
configure:14378: checking for _open64
configure:14440: result: no
configure:14378: checking for __open64
configure:14440: result: yes
configure:14378: checking for creat64
configure:14440: result: yes
configure:14484: gcc -o conftest -O  -D_LARGEFILE64_SOURCE -D_FILE_OFFSET_BITS=64 -D_GNU_SOURCE   conftest.c -lnsl -ldl  >&5
configure: In function 'main':
configure:14473: warning: incompatible implicit declaration of built-in function 'exit'
configure:14487: $? = 0
configure:14489: ./conftest
configure:14492: $? = 0
configure:14763: checking for dn_expand in -lresolv
configure:14816: result: yes
configure:14912: checking for putprpwnam in -lsecurity
configure:14965: result: no
configure:14980: checking for putprpwnam
configure:15042: result: no
configure:15133: checking for putprpwnam in -lsec
configure:15186: result: no
configure:15201: checking for putprpwnam
configure:15263: result: no
configure:15355: checking for set_auth_parameters in -lsecurity
configure:15408: result: no
configure:15423: checking for set_auth_parameters
configure:15485: result: no
configure:15576: checking for set_auth_parameters in -lsec
configure:15629: result: no
configure:15644: checking for set_auth_parameters
configure:15706: result: no
configure:15799: checking for getspnam in -lgen
configure:15852: result: no
configure:15867: checking for getspnam
configure:15929: result: yes
configure:16021: checking for getspnam in -lsecurity
configure:16074: result: no
configure:16089: checking for getspnam
configure:16151: result: yes
configure:16242: checking for getspnam in -lsec
configure:16295: result: no
configure:16310: checking for getspnam
configure:16372: result: yes
configure:16464: checking for bigcrypt in -lsecurity
configure:16517: result: no
configure:16532: checking for bigcrypt
configure:16594: result: no
configure:16685: checking for bigcrypt in -lsec
configure:16738: result: no
configure:16753: checking for bigcrypt
configure:16815: result: no
configure:16907: checking for getprpwnam in -lsecurity
configure:16960: result: no
configure:16975: checking for getprpwnam
configure:17037: result: no
configure:17128: checking for getprpwnam in -lsec
configure:17181: result: no
configure:17196: checking for getprpwnam
configure:17258: result: no
configure:17274: checking for library containing getxattr
configure:17375: result: none required
configure:17390: checking for getxattr
configure:17452: result: yes
configure:17390: checking for lgetxattr
configure:17452: result: yes
configure:17390: checking for fgetxattr
configure:17452: result: yes
configure:17390: checking for listxattr
configure:17452: result: yes
configure:17390: checking for llistxattr
configure:17452: result: yes
configure:17469: checking for flistxattr
configure:17531: result: yes
configure:17469: checking for removexattr
configure:17531: result: yes
configure:17469: checking for lremovexattr
configure:17531: result: yes
configure:17469: checking for fremovexattr
configure:17531: result: yes
configure:17547: checking for setxattr
configure:17609: result: yes
configure:17547: checking for lsetxattr
configure:17609: result: yes
configure:17547: checking for fsetxattr
configure:17609: result: yes
configure:17626: checking for attr_get
configure:17688: result: no
configure:17626: checking for attr_list
configure:17688: result: no
configure:17626: checking for attr_set
configure:17688: result: no
configure:17626: checking for attr_remove
configure:17688: result: no
configure:17705: checking for attr_getf
configure:17767: result: no
configure:17705: checking for attr_listf
configure:17767: result: no
configure:17705: checking for attr_setf
configure:17767: result: no
configure:17705: checking for attr_removef
configure:17767: result: no
configure:17795: checking ability to build shared libraries
configure:18152: result: true
configure:18154: checking linker flags for shared libraries
configure:18156: result: -shared
configure:18158: checking compiler flags for position-independent code
configure:18160: result: -fPIC
configure:18167: checking whether building shared libraries actually works
configure:18183: result: yes
configure:18192: checking for long long
configure:18229: result: yes
configure:18243: checking for LL suffix on long long integers
configure:18287: result: yes
configure:18298: checking for 64 bit off_t
configure:18336: result: yes
configure:18346: checking for off64_t
configure:18388: result: no
configure:18398: checking for 64 bit ino_t
configure:18436: result: yes
configure:18446: checking for ino64_t
configure:18488: result: no
configure:18498: checking for dev64_t
configure:18540: result: no
configure:18550: checking for struct dirent64
configure:18599: result: yes
configure:18609: checking for major macro
configure:18650: result: yes
configure:18660: checking for minor macro
configure:18701: result: yes
configure:18711: checking for unsigned char
configure:18748: result: no
configure:18758: checking for sin_len in sock
configure:18804: result: no
configure:18814: checking whether seekdir returns void
configure:18860: result: yes
configure:18870: checking for __FUNCTION__ macro
configure:18914: result: yes
configure:18924: checking if gettimeofday takes tz argument
configure:18963: result: yes
configure:18973: checking for va_copy
configure:19018: result: yes
configure:19083: checking for C99 vsnprintf
configure:19142: result: yes
configure:19152: checking for broken readdir
configure:19192: result: no
configure:19202: checking for utimbuf
configure:19247: result: yes
configure:19269: checking for pututline
configure:19331: result: yes
configure:19269: checking for pututxline
configure:19331: result: yes
configure:19269: checking for updwtmp
configure:19331: result: yes
configure:19269: checking for updwtmpx
configure:19331: result: yes
configure:19269: checking for getutmpx
configure:19331: result: yes
configure:19342: checking for ut_name in utmp
configure:19387: result: yes
configure:19397: checking for ut_user in utmp
configure:19442: result: yes
configure:19452: checking for ut_id in utmp
configure:19497: result: yes
configure:19507: checking for ut_host in utmp
configure:19552: result: yes
configure:19562: checking for ut_time in utmp
configure:19607: result: yes
configure:19617: checking for ut_tv in utmp
configure:19662: result: yes
configure:19672: checking for ut_type in utmp
configure:19717: result: yes
configure:19727: checking for ut_pid in utmp
configure:19772: result: yes
configure:19782: checking for ut_exit in utmp
configure:19827: result: yes
configure:19837: checking for ut_addr in utmp
configure:19882: result: yes
configure:19893: checking whether pututline returns pointer
configure:19938: result: yes
configure:19949: checking for ut_syslen in utmpx
configure:19994: result: no
configure:20041: checking for iconv in /usr
configure:20070: gcc -o conftest -O  -D_LARGEFILE64_SOURCE -D_FILE_OFFSET_BITS=64 -D_GNU_SOURCE  -I/usr/include  -L/usr/lib conftest.c  -lbiconv >&5
configure:20050:20: error: biconv.h: No such file or directory
configure: In function 'main':
configure:20060: error: 'iconv_t' undeclared (first use in this function)
configure:20060: error: (Each undeclared identifier is reported only once
configure:20060: error: for each function it appears in.)
configure:20060: error: expected ';' before 'cd'
configure:20061: error: 'cd' undeclared (first use in this function)
configure:20073: $? = 1
configure: failed program was:
#line 20048 "configure"
#include "confdefs.h"
#include <stdlib.h>
#include <biconv.h>
#ifdef F77_DUMMY_MAIN
#  ifdef __cplusplus
     extern "C"
#  endif
   int F77_DUMMY_MAIN() { return 1; }
#endif
int
main ()
{
iconv_t cd = iconv_open("","");
         iconv(cd,NULL,NULL,NULL,NULL);
         iconv_close(cd);
  ;
  return 0;
}
configure:20115: gcc -o conftest -O  -D_LARGEFILE64_SOURCE -D_FILE_OFFSET_BITS=64 -D_GNU_SOURCE  -I/usr/include  -L/usr/lib conftest.c  >&5
configure:20095:20: error: giconv.h: No such file or directory
configure: In function 'main':
configure:20105: error: 'iconv_t' undeclared (first use in this function)
configure:20105: error: (Each undeclared identifier is reported only once
configure:20105: error: for each function it appears in.)
configure:20105: error: expected ';' before 'cd'
configure:20106: error: 'cd' undeclared (first use in this function)
configure:20118: $? = 1
configure: failed program was:
#line 20093 "configure"
#include "confdefs.h"
#include <stdlib.h>
#include <giconv.h>
#ifdef F77_DUMMY_MAIN
#  ifdef __cplusplus
     extern "C"
#  endif
   int F77_DUMMY_MAIN() { return 1; }
#endif
int
main ()
{
iconv_t cd = iconv_open("","");
         iconv(cd,NULL,NULL,NULL,NULL);
         iconv_close(cd);
  ;
  return 0;
}
configure:20159: gcc -o conftest -O  -D_LARGEFILE64_SOURCE -D_FILE_OFFSET_BITS=64 -D_GNU_SOURCE  -I/usr/include  -L/usr/lib conftest.c  >&5
configure:20162: $? = 0
configure:20165: test -s conftest
configure:20168: $? = 0
configure:20204: gcc -o conftest -O  -D_LARGEFILE64_SOURCE -D_FILE_OFFSET_BITS=64 -D_GNU_SOURCE  -I/usr/include  -L/usr/lib conftest.c  -lgiconv >&5
configure:20184:20: error: giconv.h: No such file or directory
configure: In function 'main':
configure:20194: error: 'iconv_t' undeclared (first use in this function)
configure:20194: error: (Each undeclared identifier is reported only once
configure:20194: error: for each function it appears in.)
configure:20194: error: expected ';' before 'cd'
configure:20195: error: 'cd' undeclared (first use in this function)
configure:20207: $? = 1
configure: failed program was:
#line 20182 "configure"
#include "confdefs.h"
#include <stdlib.h>
#include <giconv.h>
#ifdef F77_DUMMY_MAIN
#  ifdef __cplusplus
     extern "C"
#  endif
   int F77_DUMMY_MAIN() { return 1; }
#endif
int
main ()
{
iconv_t cd = iconv_open("","");
               iconv(cd,NULL,NULL,NULL,NULL);
               iconv_close(cd);
  ;
  return 0;
}
configure:20303: result: yes
configure:20351: checking can we convert from CP850 to UCS2-LE?
configure:20371: gcc -o conftest -O  -D_LARGEFILE64_SOURCE -D_FILE_OFFSET_BITS=64 -D_GNU_SOURCE  -I/usr/include  conftest.c -lresolv -lnsl -ldl  >&5
configure:20374: $? = 0
configure:20376: ./conftest
configure:20379: $? = 0
configure:20391: result: CP850
configure:20402: checking can we convert from ASCII to UCS2-LE?
configure:20422: gcc -o conftest -O  -D_LARGEFILE64_SOURCE -D_FILE_OFFSET_BITS=64 -D_GNU_SOURCE  -I/usr/include  conftest.c -lresolv -lnsl -ldl  >&5
configure:20425: $? = 0
configure:20427: ./conftest
configure:20430: $? = 0
configure:20442: result: ASCII
configure:20453: checking can we convert from UTF-8 to UCS2-LE?
configure:20473: gcc -o conftest -O  -D_LARGEFILE64_SOURCE -D_FILE_OFFSET_BITS=64 -D_GNU_SOURCE  -I/usr/include  conftest.c -lresolv -lnsl -ldl  >&5
configure:20476: $? = 0
configure:20478: ./conftest
configure:20481: $? = 0
configure:20493: result: UTF-8
configure:20593: checking for Linux kernel oplocks
configure:20639: result: yes
configure:20649: checking for kernel change notify support
configure:20695: result: yes
configure:20705: checking for kernel share modes
configure:20753: result: yes
configure:20766: checking for IRIX kernel oplock type definitions
configure:20811: result: no
configure:20821: checking for irix specific capabilities
configure:20868: result: no
configure:20883: checking for int16 typedef included by rpc/rpc.h
configure:20930: result: no
configure:20940: checking for uint16 typedef included by rpc/rpc.h
configure:20987: result: no
configure:20997: checking for int32 typedef included by rpc/rpc.h
configure:21044: result: no
configure:21054: checking for uint32 typedef included by rpc/rpc.h
configure:21101: result: no
configure:21112: checking for conflicting AUTH_ERROR define in rpc/rpc.h
configure:21163: result: no
configure:21173: checking for test routines
configure:21185: gcc -o conftest -O  -D_LARGEFILE64_SOURCE -D_FILE_OFFSET_BITS=64 -D_GNU_SOURCE   conftest.c -lresolv -lnsl -ldl  >&5
In file included from configure:21180:
./tests/trivial.c: In function 'main':
./tests/trivial.c:3: warning: incompatible implicit declaration of built-in function 'exit'
configure:21188: $? = 0
configure:21190: ./conftest
configure:21193: $? = 0
configure:21195: result: yes
configure:21209: checking for ftruncate extend
configure:21245: result: yes
configure:21255: checking for AF_LOCAL socket support
configure:21291: result: no
configure:21302: checking for broken getgroups
configure:21338: result: no
configure:21348: checking whether getpass should be replaced
configure:21403: result: yes
configure:21413: checking for broken inet_ntoa
configure:21459: result: no
configure:21469: checking for secure mkstemp
configure:21518: result: yes
configure:21528: checking for sysconf(_SC_NGROUPS_MAX)
configure:21565: result: yes
configure:21575: checking for sysconf(_SC_NPROC_ONLN)
configure:21612: result: no
configure:21622: checking for root
configure:21658: result: yes
configure:21674: checking for iface AIX
configure:21714: result: no
configure:21725: checking for iface ifconf
configure:21765: result: yes
configure:21833: checking for setresuid
configure:21873: result: yes
configure:22042: checking for working mmap
configure:22078: result: yes
configure:22088: checking for ftruncate needs root
configure:22124: result: no
configure:22134: checking for fcntl locking
configure:22170: result: yes
configure:22180: checking for broken (glibc2.1/x86) 64 bit fcntl locking
configure:22216: result: no
configure:22228: checking for 64 bit fcntl locking
configure:22284: result: yes
configure:22296: checking for st_blocks in struct stat
configure:22342: result: yes
configure:22352: checking for st_blksize in struct stat
configure:22398: result: yes
configure:22410: checking for broken RedHat 7.2 system header files
configure:22461: result: no
configure:22473: checking for broken nisplus include files
configure:22522: result: no
configure:22535: checking whether to use smbwrapper
configure:22574: result: no
configure:22582: checking whether to use AFS clear-text auth
configure:22600: result: no
configure:22608: checking whether to use AFS fake-kaserver
configure:22626: result: no
configure:22861: checking whether to use DFS clear-text auth
configure:22883: result: no
configure:22892: checking for LDAP support
configure:22906: result: no
configure:23563: checking for Active Directory and krb5 support
configure:23577: result: no
configure:26558: checking whether to build experimental passdb libraries
configure:27067: result: no
configure:27074: checking whether to use automount
configure:27096: result: no
configure:27103: checking whether to use smbmount
configure:27135: result: no
configure:27144: checking whether to use PAM
configure:27177: result: no
configure:27183: checking for pam_get_data in -lpam
configure:27236: result: yes
configure:27249: checking whether to use pam_smbpass
configure:27285: result: no
configure:27293: checking for library containing crypt
configure:27394: result: -lcrypt
configure:27414: checking for a crypt that needs truncated salt
configure:27453: result: no
configure:27473: checking whether to use LDAP SAM 2.2 compatible configuration
configure:27495: result: no
configure:27508: checking whether to use NISPLUS_HOME
configure:27530: result: no
configure:27537: checking whether to use syslog logging
configure:27559: result: no
configure:27566: checking whether to use profiling
configure:27588: result: no
configure:27604: checking whether to try disk-quotas support
configure:27642: result: no
configure:27647: checking whether to try the new lib/sysquotas.c interface
configure:27680: result: no
configure:27722: checking for asm/types.h
configure:27727: result: yes
configure:27844: checking for sys/fs/vx_quota.h
configure:27849: result: no
configure:27960: checking for sys/quota.h
configure:27965: result: yes
configure:28072: checking for XFS QUOTA in <sys/quota.h>
configure:28125: result: no
configure:28133: checking if struct dqblk has .dqb_fsoftlimit
configure:28184: result: no
configure:28198: checking for long quotactl(int cmd, char *special, qid_t id, caddr_t addr)
configure:28258: result: yes
configure:28428: checking for mntent.h
configure:28433: result: yes
configure:28545: checking for setmntent
configure:28607: result: yes
configure:28545: checking for getmntent
configure:28607: result: yes
configure:28545: checking for endmntent
configure:28607: result: yes
configure:28625: checking for devnm.h
configure:28630: result: no
configure:28740: checking for devnm
configure:28802: result: no
configure:28829: checking whether the sys_quota interface works
configure:28884: result: no
configure:28979: checking whether the old quota support works
configure:29032: result: yes
configure:29035: checking whether to use the old quota support
configure:29047: result: no
configure:29063: checking whether to support utmp accounting
configure:29091: result: yes
configure:29105: checking chosen man pages' language(s)
configure:29128: result: en
configure:29142: checking whether to build the libsmbclient shared library
configure:29150: result: no
configure:29199: checking how to get filesystem space usage...
configure:29206: checking statvfs64 function (SVR4)
configure:29251: result: yes
configure:29643: checking if large file support can be enabled
configure:29670: gcc -c -O  -D_LARGEFILE64_SOURCE -D_FILE_OFFSET_BITS=64 -D_GNU_SOURCE  conftest.c >&5
configure:29673: $? = 0
configure:29676: test -s conftest.o
configure:29679: $? = 0
configure:29695: result: yes
configure:29749: checking whether to support ACLs
configure:30259: result: no
configure:30268: checking whether to check to support sendfile
configure:30277: result: yes
configure:30282: checking for linux sendfile64 support
configure:30331: result: yes
configure:30334: checking for linux sendfile support
configure:30383: result: yes
configure:30387: checking for broken linux sendfile support
configure:30440: result: yes
configure:31003: checking whether to build winbind
configure:31095: result: yes
configure:31120: checking for struct passwd.pw_comment
configure:31166: result: no
configure:31177: checking for struct passwd.pw_age
configure:31223: result: no
configure:31252: checking for poptGetContext in -lpopt
configure:31305: result: yes
configure:31315: checking whether to use included popt
configure:31324: result: no
configure:31411: checking how to build pdb_xml
configure:31442: result: not
configure:31447: checking how to build pdb_mysql
configure:31478: result: not
configure:31483: checking how to build pdb_pgsql
configure:31514: result: not
configure:31523: checking how to build pdb_ldap
configure:31554: result: not
configure:31559: checking how to build pdb_smbpasswd
configure:31586: result: static
configure:31595: checking how to build pdb_tdbsam
configure:31622: result: static
configure:31631: checking how to build pdb_guest
configure:31658: result: static
configure:31678: checking how to build rpc_lsa
configure:31705: result: static
configure:31714: checking how to build rpc_reg
configure:31741: result: static
configure:31750: checking how to build rpc_lsa_ds
configure:31777: result: static
configure:31786: checking how to build rpc_wks
configure:31813: result: static
configure:31822: checking how to build rpc_net
configure:31849: result: static
configure:31858: checking how to build rpc_dfs
configure:31885: result: static
configure:31894: checking how to build rpc_srv
configure:31921: result: static
configure:31930: checking how to build rpc_spoolss
configure:31957: result: static
configure:31966: checking how to build rpc_samr
configure:31993: result: static
configure:32002: checking how to build rpc_echo
configure:32033: result: not
configure:32049: checking how to build idmap_ldap
configure:32080: result: not
configure:32085: checking how to build idmap_tdb
configure:32112: result: static
configure:32132: checking how to build charset_weird
configure:32163: result: not
configure:32168: checking how to build charset_CP850
configure:32185: result: shared
configure:32204: checking how to build charset_CP437
configure:32221: result: shared
configure:32240: checking how to build charset_macosxfs
configure:32271: result: not
configure:32287: checking how to build auth_rhosts
configure:32314: result: static
configure:32323: checking how to build auth_sam
configure:32350: result: static
configure:32359: checking how to build auth_unix
configure:32386: result: static
configure:32395: checking how to build auth_winbind
configure:32422: result: static
configure:32431: checking how to build auth_server
configure:32458: result: static
configure:32467: checking how to build auth_domain
configure:32494: result: static
configure:32503: checking how to build auth_builtin
configure:32530: result: static
configure:32550: checking how to build vfs_recycle
configure:32567: result: shared
configure:32586: checking how to build vfs_audit
configure:32603: result: shared
configure:32622: checking how to build vfs_extd_audit
configure:32639: result: shared
configure:32658: checking how to build vfs_netatalk
configure:32675: result: shared
configure:32694: checking how to build vfs_fake_perms
configure:32711: result: shared
configure:32730: checking how to build vfs_default_quota
configure:32747: result: shared
configure:32766: checking how to build vfs_readonly
configure:32783: result: shared
configure:32802: checking how to build vfs_cap
configure:32819: result: shared
configure:32838: checking how to build vfs_expand_msdfs
configure:32855: result: shared
configure:32874: checking how to build vfs_shadow_copy
configure:32891: result: shared
configure:32936: result: Using libraries:
configure:32938: result:     LIBS = -lcrypt -lresolv -lnsl -ldl 
configure:32948: result:     AUTH_LIBS = -lcrypt 
configure:32954: checking configure summary
configure:32966: gcc -o conftest -O  -D_LARGEFILE64_SOURCE -D_FILE_OFFSET_BITS=64 -D_GNU_SOURCE   conftest.c -lcrypt -lresolv -lnsl -ldl  >&5
In file included from configure:32961:
./tests/summary.c: In function 'main':
./tests/summary.c:29: warning: incompatible implicit declaration of built-in function 'exit'
configure:32969: $? = 0
configure:32971: ./conftest
configure:32974: $? = 0
configure:32976: result: yes
configure:33116: creating ./config.status

## ---------------------- ##
## Running config.status. ##
## ---------------------- ##

This file was extended by config.status, which was
generated by GNU Autoconf 2.53.  Invocation command line was

  CONFIG_FILES    = 
  CONFIG_HEADERS  = 
  CONFIG_LINKS    = 
  CONFIG_COMMANDS = 
  $ ./config.status 

on localhost.localdomain

config.status:657: creating include/stamp-h
config.status:657: creating Makefile
config.status:657: creating script/findsmb
config.status:657: creating smbadduser
config.status:657: creating script/gen-8bit-gap.sh
config.status:761: creating include/config.h
config.status:1644: include/config.h is unchanged

## ---------------- ##
## Cache variables. ##
## ---------------- ##

ac_cv_build=i686-pc-linux-gnu
ac_cv_build_alias=i686-pc-linux-gnu
ac_cv_build_system_type=i686-pc-linux-gnu
ac_cv_c_bigendian=no
ac_cv_c_char_unsigned=no
ac_cv_c_compiler_gnu=yes
ac_cv_c_const=yes
ac_cv_c_inline=inline
ac_cv_dirent_d_off=yes
ac_cv_env_CC_set=
ac_cv_env_CC_value=
ac_cv_env_CFLAGS_set=
ac_cv_env_CFLAGS_value=
ac_cv_env_CPPFLAGS_set=
ac_cv_env_CPPFLAGS_value=
ac_cv_env_CPP_set=
ac_cv_env_CPP_value=
ac_cv_env_LDFLAGS_set=
ac_cv_env_LDFLAGS_value=
ac_cv_env_build_alias_set=
ac_cv_env_build_alias_value=
ac_cv_env_host_alias_set=set
ac_cv_env_host_alias_value=arm-linux
ac_cv_env_target_alias_set=
ac_cv_env_target_alias_value=
ac_cv_exeext=
ac_cv_func___acl=no
ac_cv_func___chdir=no
ac_cv_func___close=yes
ac_cv_func___closedir=no
ac_cv_func___dup=no
ac_cv_func___dup2=yes
ac_cv_func___facl=no
ac_cv_func___fchdir=no
ac_cv_func___fcntl=yes
ac_cv_func___fork=yes
ac_cv_func___fstat=yes
ac_cv_func___fstat64=no
ac_cv_func___fxstat=yes
ac_cv_func___getcwd=no
ac_cv_func___getdents=no
ac_cv_func___llseek=no
ac_cv_func___lseek=yes
ac_cv_func___lstat=yes
ac_cv_func___lstat64=no
ac_cv_func___lxstat=yes
ac_cv_func___open=yes
ac_cv_func___open64=yes
ac_cv_func___opendir=no
ac_cv_func___pread=no
ac_cv_func___pread64=yes
ac_cv_func___pwrite=no
ac_cv_func___pwrite64=yes
ac_cv_func___read=yes
ac_cv_func___readdir=no
ac_cv_func___readdir64=no
ac_cv_func___seekdir=no
ac_cv_func___stat=yes
ac_cv_func___stat64=no
ac_cv_func___sys_llseek=no
ac_cv_func___telldir=no
ac_cv_func___write=yes
ac_cv_func___xstat=yes
ac_cv_func__acl=no
ac_cv_func__chdir=no
ac_cv_func__close=no
ac_cv_func__closedir=no
ac_cv_func__dup=no
ac_cv_func__dup2=no
ac_cv_func__facl=no
ac_cv_func__fchdir=no
ac_cv_func__fcntl=no
ac_cv_func__fork=no
ac_cv_func__fstat=no
ac_cv_func__fstat64=no
ac_cv_func__getcwd=no
ac_cv_func__getdents=no
ac_cv_func__llseek=no
ac_cv_func__lseek=no
ac_cv_func__lstat=no
ac_cv_func__lstat64=no
ac_cv_func__open=no
ac_cv_func__open64=no
ac_cv_func__opendir=no
ac_cv_func__pread=no
ac_cv_func__pread64=no
ac_cv_func__pwrite=no
ac_cv_func__pwrite64=no
ac_cv_func__read=no
ac_cv_func__readdir=no
ac_cv_func__readdir64=no
ac_cv_func__seekdir=no
ac_cv_func__stat=no
ac_cv_func__stat64=no
ac_cv_func__telldir=no
ac_cv_func__write=no
ac_cv_func_asprintf=yes
ac_cv_func_atexit=yes
ac_cv_func_attr_get=no
ac_cv_func_attr_getf=no
ac_cv_func_attr_list=no
ac_cv_func_attr_listf=no
ac_cv_func_attr_remove=no
ac_cv_func_attr_removef=no
ac_cv_func_attr_set=no
ac_cv_func_attr_setf=no
ac_cv_func_backtrace_symbols=yes
ac_cv_func_bigcrypt=no
ac_cv_func_bzero=yes
ac_cv_func_chmod=yes
ac_cv_func_chown=yes
ac_cv_func_chroot=yes
ac_cv_func_connect=yes
ac_cv_func_creat64=yes
ac_cv_func_crypt16=no
ac_cv_func_devnm=no
ac_cv_func_dlclose=yes
ac_cv_func_dlerror=yes
ac_cv_func_dlopen=yes
ac_cv_func_dlsym=yes
ac_cv_func_dup2=yes
ac_cv_func_endmntent=yes
ac_cv_func_endnetgrent=yes
ac_cv_func_execl=yes
ac_cv_func_fchmod=yes
ac_cv_func_fchown=yes
ac_cv_func_fcvt=yes
ac_cv_func_fcvtl=no
ac_cv_func_fgetxattr=yes
ac_cv_func_flistxattr=yes
ac_cv_func_fopen64=yes
ac_cv_func_fremovexattr=yes
ac_cv_func_fseek64=no
ac_cv_func_fseeko64=yes
ac_cv_func_fsetxattr=yes
ac_cv_func_fstat=yes
ac_cv_func_fstat64=yes
ac_cv_func_fsync=yes
ac_cv_func_ftell64=no
ac_cv_func_ftello64=yes
ac_cv_func_ftruncate=yes
ac_cv_func_ftruncate64=yes
ac_cv_func_getauthuid=no
ac_cv_func_getcwd=yes
ac_cv_func_getdents=no
ac_cv_func_getdirentries=yes
ac_cv_func_getgrent=yes
ac_cv_func_getgrnam=yes
ac_cv_func_getmntent=yes
ac_cv_func_getnetgrent=yes
ac_cv_func_getprpwnam=no
ac_cv_func_getpwanam=no
ac_cv_func_getrlimit=yes
ac_cv_func_getspnam=yes
ac_cv_func_getutmpx=yes
ac_cv_func_getxattr=yes
ac_cv_func_glob=yes
ac_cv_func_grantpt=yes
ac_cv_func_initgroups=yes
ac_cv_func_innetgr=yes
ac_cv_func_lgetxattr=yes
ac_cv_func_link=yes
ac_cv_func_listxattr=yes
ac_cv_func_llistxattr=yes
ac_cv_func_llseek=yes
ac_cv_func_lremovexattr=yes
ac_cv_func_lseek64=yes
ac_cv_func_lsetxattr=yes
ac_cv_func_lstat64=yes
ac_cv_func_memcmp_working=yes
ac_cv_func_memmove=yes
ac_cv_func_memset=yes
ac_cv_func_mknod=yes
ac_cv_func_mknod64=no
ac_cv_func_mktime=yes
ac_cv_func_nl_langinfo=yes
ac_cv_func_open64=yes
ac_cv_func_pathconf=yes
ac_cv_func_pipe=yes
ac_cv_func_poll=yes
ac_cv_func_pread=yes
ac_cv_func_pread64=yes
ac_cv_func_putprpwnam=no
ac_cv_func_pututline=yes
ac_cv_func_pututxline=yes
ac_cv_func_pwrite=yes
ac_cv_func_pwrite64=yes
ac_cv_func_rand=yes
ac_cv_func_random=yes
ac_cv_func_rdchk=no
ac_cv_func_readdir64=yes
ac_cv_func_readlink=yes
ac_cv_func_realpath=yes
ac_cv_func_removexattr=yes
ac_cv_func_rename=yes
ac_cv_func_select=yes
ac_cv_func_set_auth_parameters=no
ac_cv_func_setbuffer=yes
ac_cv_func_setenv=yes
ac_cv_func_setgidx=no
ac_cv_func_setgroups=yes
ac_cv_func_setlinebuf=yes
ac_cv_func_setlocale=yes
ac_cv_func_setluid=no
ac_cv_func_setmntent=yes
ac_cv_func_setnetgrent=yes
ac_cv_func_setpgid=yes
ac_cv_func_setpriv=no
ac_cv_func_setsid=yes
ac_cv_func_setuidx=no
ac_cv_func_setxattr=yes
ac_cv_func_shm_open=no
ac_cv_func_shmget=yes
ac_cv_func_sigaction=yes
ac_cv_func_sigblock=yes
ac_cv_func_sigprocmask=yes
ac_cv_func_sigset=yes
ac_cv_func_snprintf=yes
ac_cv_func_srand=yes
ac_cv_func_srandom=yes
ac_cv_func_stat64=yes
ac_cv_func_strcasecmp=yes
ac_cv_func_strchr=yes
ac_cv_func_strdup=yes
ac_cv_func_strerror=yes
ac_cv_func_strftime=yes
ac_cv_func_strlcat=no
ac_cv_func_strlcpy=no
ac_cv_func_strndup=yes
ac_cv_func_strnlen=yes
ac_cv_func_strpbrk=yes
ac_cv_func_strtoul=yes
ac_cv_func_symlink=yes
ac_cv_func_syscall=yes
ac_cv_func_sysconf=yes
ac_cv_func_syslog=yes
ac_cv_func_timegm=yes
ac_cv_func_updwtmp=yes
ac_cv_func_updwtmpx=yes
ac_cv_func_usleep=yes
ac_cv_func_utime=yes
ac_cv_func_utimes=yes
ac_cv_func_vasprintf=yes
ac_cv_func_vsnprintf=yes
ac_cv_func_vsyslog=yes
ac_cv_func_waitpid=yes
ac_cv_func_yp_get_default_domain=yes
ac_cv_have_asprintf_decl=yes
ac_cv_have_errno_decl=yes
ac_cv_have_setresgid_decl=yes
ac_cv_have_setresuid_decl=yes
ac_cv_have_snprintf_decl=yes
ac_cv_have_vasprintf_decl=yes
ac_cv_have_vsnprintf_decl=yes
ac_cv_header_CFStringEncodingConverter_h=no
ac_cv_header_CoreFoundation_CFStringEncodingConverter_h=no
ac_cv_header_arpa_inet_h=yes
ac_cv_header_asm_types_h=yes
ac_cv_header_attr_xattr_h=yes
ac_cv_header_ctype_h=yes
ac_cv_header_devnm_h=no
ac_cv_header_dirent_dirent_h=yes
ac_cv_header_dlfcn_h=yes
ac_cv_header_execinfo_h=yes
ac_cv_header_fcntl_h=yes
ac_cv_header_glob_h=yes
ac_cv_header_grp_h=yes
ac_cv_header_history_h=no
ac_cv_header_inttypes_h=yes
ac_cv_header_langinfo_h=yes
ac_cv_header_lastlog_h=yes
ac_cv_header_libexc_h=no
ac_cv_header_limits_h=yes
ac_cv_header_locale_h=yes
ac_cv_header_memory_h=yes
ac_cv_header_mntent_h=yes
ac_cv_header_net_if_h=yes
ac_cv_header_netinet_in_ip_h=no
ac_cv_header_netinet_in_systm_h=yes
ac_cv_header_netinet_ip_h=yes
ac_cv_header_netinet_tcp_h=yes
ac_cv_header_ns_api_h=no
ac_cv_header_nss_common_h=no
ac_cv_header_nss_h=yes
ac_cv_header_nsswitch_h=no
ac_cv_header_poll_h=yes
ac_cv_header_readline_h=no
ac_cv_header_readline_history_h=yes
ac_cv_header_readline_readline_h=yes
ac_cv_header_rpc_rpc_h=yes
ac_cv_header_rpcsvc_nis_h=yes
ac_cv_header_rpcsvc_yp_prot_h=yes
ac_cv_header_rpcsvc_ypclnt_h=yes
ac_cv_header_security__pam_macros_h=yes
ac_cv_header_security_pam_appl_h=yes
ac_cv_header_security_pam_modules_h=yes
ac_cv_header_shadow_h=yes
ac_cv_header_stdarg_h=yes
ac_cv_header_stdc=yes
ac_cv_header_stdint_h=yes
ac_cv_header_stdlib_h=yes
ac_cv_header_string_h=yes
ac_cv_header_strings_h=yes
ac_cv_header_stropts_h=yes
ac_cv_header_sys_acl_h=yes
ac_cv_header_sys_attributes_h=no
ac_cv_header_sys_capability_h=yes
ac_cv_header_sys_cdefs_h=yes
ac_cv_header_sys_dustat_h=no
ac_cv_header_sys_fcntl_h=yes
ac_cv_header_sys_filio_h=no
ac_cv_header_sys_filsys_h=no
ac_cv_header_sys_fs_s5param_h=no
ac_cv_header_sys_fs_vx_quota_h=no
ac_cv_header_sys_id_h=no
ac_cv_header_sys_ioctl_h=yes
ac_cv_header_sys_ipc_h=yes
ac_cv_header_sys_mman_h=yes
ac_cv_header_sys_mode_h=no
ac_cv_header_sys_mount_h=yes
ac_cv_header_sys_param_h=yes
ac_cv_header_sys_priv_h=no
ac_cv_header_sys_quota_h=yes
ac_cv_header_sys_resource_h=yes
ac_cv_header_sys_security_h=no
ac_cv_header_sys_select_h=yes
ac_cv_header_sys_shm_h=yes
ac_cv_header_sys_socket_h=yes
ac_cv_header_sys_sockio_h=no
ac_cv_header_sys_stat_h=yes
ac_cv_header_sys_statfs_h=yes
ac_cv_header_sys_statvfs_h=yes
ac_cv_header_sys_syscall_h=yes
ac_cv_header_sys_syslog_h=yes
ac_cv_header_sys_termio_h=no
ac_cv_header_sys_time_h=yes
ac_cv_header_sys_types_h=yes
ac_cv_header_sys_unistd_h=yes
ac_cv_header_sys_vfs_h=yes
ac_cv_header_sys_wait_h=yes
ac_cv_header_sys_xattr_h=yes
ac_cv_header_syscall_h=yes
ac_cv_header_syslog_h=yes
ac_cv_header_termio_h=yes
ac_cv_header_termios_h=yes
ac_cv_header_time=yes
ac_cv_header_unistd_h=yes
ac_cv_header_utime_h=yes
ac_cv_header_utmp_h=yes
ac_cv_header_utmpx_h=yes
ac_cv_header_valgrind_h=no
ac_cv_header_valgrind_memcheck_h=yes
ac_cv_header_valgrind_valgrind_h=yes
ac_cv_host=arm-unknown-linux-gnu
ac_cv_host_alias=arm-linux
ac_cv_host_system_type=arm-unknown-linux-gnu
ac_cv_lib_exc_trace_back_stack=no
ac_cv_lib_gen_getspnam=no
ac_cv_lib_ncurses___tgetent=yes
ac_cv_lib_pam_pam_get_data=yes
ac_cv_lib_popt_poptGetContext=yes
ac_cv_lib_readline_rl_callback_handler_install=yes
ac_cv_lib_readline_rl_completion_matches=yes
ac_cv_lib_resolv_dn_expand=yes
ac_cv_lib_sec_bigcrypt=no
ac_cv_lib_sec_getprpwnam=no
ac_cv_lib_sec_getspnam=no
ac_cv_lib_sec_putprpwnam=no
ac_cv_lib_sec_set_auth_parameters=no
ac_cv_lib_security_bigcrypt=no
ac_cv_lib_security_getprpwnam=no
ac_cv_lib_security_getspnam=no
ac_cv_lib_security_putprpwnam=no
ac_cv_lib_security_set_auth_parameters=no
ac_cv_member_struct_passwd_pw_age=no
ac_cv_member_struct_passwd_pw_comment=no
ac_cv_member_struct_stat_st_rdev=yes
ac_cv_objext=o
ac_cv_path_PERL=/usr/bin/perl
ac_cv_path_install='/usr/bin/install -c'
ac_cv_prog_AWK=gawk
ac_cv_prog_CPP='gcc -E'
ac_cv_prog_ac_ct_AR=ar
ac_cv_prog_ac_ct_CC=gcc
ac_cv_prog_cc_g=yes
ac_cv_prog_cc_gcc_c_o=yes
ac_cv_prog_cc_stdc=
ac_cv_prog_gnu_ld=yes
ac_cv_search_crypt=-lcrypt
ac_cv_search_dlopen=-ldl
ac_cv_search_getxattr='none required'
ac_cv_search_opendir='none required'
ac_cv_search_strerror='none required'
ac_cv_search_yp_get_default_domain=-lnsl
ac_cv_shlib_works=yes
ac_cv_sizeof_int=4
ac_cv_sizeof_long=4
ac_cv_sizeof_short=2
ac_cv_target=arm-unknown-linux-gnu
ac_cv_target_alias=arm-linux
ac_cv_target_system_type=arm-unknown-linux-gnu
ac_cv_type_ino_t=yes
ac_cv_type_int=yes
ac_cv_type_loff_t=yes
ac_cv_type_long=yes
ac_cv_type_mode_t=yes
ac_cv_type_off_t=yes
ac_cv_type_offset_t=no
ac_cv_type_pid_t=yes
ac_cv_type_short=yes
ac_cv_type_signal=void
ac_cv_type_size_t=yes
ac_cv_type_ssize_t=yes
ac_cv_type_uid_t=yes
ac_cv_type_wchar_t=yes
fu_cv_sys_stat_statvfs64=yes
jm_cv_func_iconv=yes
jm_cv_giconv=no
jm_cv_include=iconv.h
jm_cv_lib_iconv=
samba_cv_BROKEN_NISPLUS_INCLUDE_FILES=no
samba_cv_BROKEN_REDHAT_7_SYSTEM_HEADERS=no
samba_cv_FTRUNCATE_NEEDS_ROOT=no
samba_cv_HAVE_BROKEN_FCNTL64_LOCKS=no
samba_cv_HAVE_BROKEN_GETGROUPS=no
samba_cv_HAVE_BROKEN_LINUX_SENDFILE=yes
samba_cv_HAVE_BROKEN_READDIR=no
samba_cv_HAVE_C99_VSNPRINTF=yes
samba_cv_HAVE_DEV64_T=no
samba_cv_HAVE_DEVICE_MAJOR_FN=yes
samba_cv_HAVE_DEVICE_MINOR_FN=yes
samba_cv_HAVE_DQB_FSOFTLIMIT=no
samba_cv_HAVE_EXPLICIT_LARGEFILE_SUPPORT=yes
samba_cv_HAVE_FCNTL_LOCK=yes
samba_cv_HAVE_FTRUNCATE_EXTEND=yes
samba_cv_HAVE_FUNCTION_MACRO=yes
samba_cv_HAVE_GETTIMEOFDAY_TZ=yes
samba_cv_HAVE_IFACE_AIX=no
samba_cv_HAVE_IFACE_IFCONF=yes
samba_cv_HAVE_INO64_T=no
samba_cv_HAVE_INT16_FROM_RPC_RPC_H=no
samba_cv_HAVE_INT32_FROM_RPC_RPC_H=no
samba_cv_HAVE_IRIX_SPECIFIC_CAPABILITIES=no
samba_cv_HAVE_KERNEL_CHANGE_NOTIFY=yes
samba_cv_HAVE_KERNEL_OPLOCKS_IRIX=no
samba_cv_HAVE_KERNEL_OPLOCKS_LINUX=yes
samba_cv_HAVE_KERNEL_SHARE_MODES=yes
samba_cv_HAVE_MMAP=yes
samba_cv_HAVE_NATIVE_ICONV=yes
samba_cv_HAVE_OFF64_T=no
samba_cv_HAVE_QUOTACTL_4A=yes
samba_cv_HAVE_ROOT=yes
samba_cv_HAVE_RPC_AUTH_ERROR_CONFLICT=no
samba_cv_HAVE_SECURE_MKSTEMP=yes
samba_cv_HAVE_SENDFILE=yes
samba_cv_HAVE_SENDFILE64=yes
samba_cv_HAVE_SOCK_SIN_LEN=no
samba_cv_HAVE_STAT_ST_BLKSIZE=yes
samba_cv_HAVE_STAT_ST_BLOCKS=yes
samba_cv_HAVE_STRUCT_DIRENT64=yes
samba_cv_HAVE_STRUCT_FLOCK64=yes
samba_cv_HAVE_SYS_QUOTA_XFS=no
samba_cv_HAVE_TRUNCATED_SALT=no
samba_cv_HAVE_UINT16_FROM_RPC_RPC_H=no
samba_cv_HAVE_UINT32_FROM_RPC_RPC_H=no
samba_cv_HAVE_UNSIGNED_CHAR=no
samba_cv_HAVE_UTIMBUF=yes
samba_cv_HAVE_UT_UT_ADDR=yes
samba_cv_HAVE_UT_UT_EXIT=yes
samba_cv_HAVE_UT_UT_HOST=yes
samba_cv_HAVE_UT_UT_ID=yes
samba_cv_HAVE_UT_UT_NAME=yes
samba_cv_HAVE_UT_UT_PID=yes
samba_cv_HAVE_UT_UT_TIME=yes
samba_cv_HAVE_UT_UT_TV=yes
samba_cv_HAVE_UT_UT_TYPE=yes
samba_cv_HAVE_UT_UT_USER=yes
samba_cv_HAVE_UX_UT_SYSLEN=no
samba_cv_HAVE_VA_COPY=yes
samba_cv_HAVE_WORKING_AF_LOCAL=no
samba_cv_HAVE_Werror=yes
samba_cv_PUTUTLINE_RETURNS_UTMP=yes
samba_cv_QUOTA_WORKS=yes
samba_cv_REPLACE_GETPASS=yes
samba_cv_REPLACE_INET_NTOA=no
samba_cv_RUN_QUOTA_TESTS=auto
samba_cv_SEEKDIR_RETURNS_VOID=yes
samba_cv_SIZEOF_INO_T=yes
samba_cv_SIZEOF_OFF_T=yes
samba_cv_SYSCONF_SC_NGROUPS_MAX=yes
samba_cv_SYSCONF_SC_NPROC_ONLN=no
samba_cv_SYSQUOTA_FOUND=yes
samba_cv_SYSQUOTA_WORKS=no
samba_cv_TRY_QUOTAS=no
samba_cv_TRY_SYS_QUOTAS=no
samba_cv_USE_SETRESUID=yes
samba_cv_WITH_AFS=no
samba_cv_WITH_FAKE_KASERVER=no
samba_cv_WITH_QUOTAS=auto
samba_cv_WITH_SYS_QUOTAS=auto
samba_cv_compiler_supports_ll=yes
samba_cv_have_longlong=yes
samba_cv_have_setresgid=yes
samba_cv_have_setresuid=yes
samba_cv_immediate_structures=yes
samba_cv_optimize_out_funcation_calls=yes
samba_cv_sig_atomic_t=yes
samba_cv_socklen_t=yes
samba_cv_sysquotas_file=lib/sysquotas_4A.c
samba_cv_unixsocket=yes
samba_cv_volatile=yes

## ----------- ##
## confdefs.h. ##
## ----------- ##

#define PACKAGE_NAME ""
#define PACKAGE_TARNAME ""
#define PACKAGE_VERSION ""
#define PACKAGE_STRING ""
#define PACKAGE_BUGREPORT ""
#define HAVE_VOLATILE 1
#define _LARGEFILE64_SOURCE 1
#define _FILE_OFFSET_BITS 64
#define _GNU_SOURCE 1
#define STDC_HEADERS 1
#define HAVE_DIRENT_H 1
#define TIME_WITH_SYS_TIME 1
#define HAVE_SYS_WAIT_H 1
#define HAVE_SYS_TYPES_H 1
#define HAVE_SYS_STAT_H 1
#define HAVE_STDLIB_H 1
#define HAVE_STRING_H 1
#define HAVE_MEMORY_H 1
#define HAVE_STRINGS_H 1
#define HAVE_INTTYPES_H 1
#define HAVE_STDINT_H 1
#define HAVE_UNISTD_H 1
#define HAVE_ARPA_INET_H 1
#define HAVE_SYS_FCNTL_H 1
#define HAVE_SYS_SELECT_H 1
#define HAVE_FCNTL_H 1
#define HAVE_SYS_TIME_H 1
#define HAVE_SYS_UNISTD_H 1
#define HAVE_UNISTD_H 1
#define HAVE_UTIME_H 1
#define HAVE_GRP_H 1
#define HAVE_LIMITS_H 1
#define HAVE_MEMORY_H 1
#define HAVE_NET_IF_H 1
#define HAVE_RPC_RPC_H 1
#define HAVE_RPCSVC_NIS_H 1
#define HAVE_RPCSVC_YP_PROT_H 1
#define HAVE_RPCSVC_YPCLNT_H 1
#define HAVE_SYS_PARAM_H 1
#define HAVE_CTYPE_H 1
#define HAVE_SYS_WAIT_H 1
#define HAVE_SYS_RESOURCE_H 1
#define HAVE_SYS_IOCTL_H 1
#define HAVE_SYS_IPC_H 1
#define HAVE_SYS_MMAN_H 1
#define HAVE_SYS_SHM_H 1
#define HAVE_STRING_H 1
#define HAVE_STRINGS_H 1
#define HAVE_STDLIB_H 1
#define HAVE_SYS_SOCKET_H 1
#define HAVE_SYS_MOUNT_H 1
#define HAVE_SYS_VFS_H 1
#define HAVE_TERMIOS_H 1
#define HAVE_TERMIO_H 1
#define HAVE_SYS_STATFS_H 1
#define HAVE_SYS_STATVFS_H 1
#define HAVE_STDARG_H 1
#define HAVE_SECURITY_PAM_MODULES_H 1
#define HAVE_SECURITY__PAM_MACROS_H 1
#define HAVE_DLFCN_H 1
#define HAVE_SYS_SYSLOG_H 1
#define HAVE_SYSLOG_H 1
#define HAVE_EXECINFO_H 1
#define HAVE_LANGINFO_H 1
#define HAVE_LOCALE_H 1
#define HAVE_VALGRIND_VALGRIND_H 1
#define HAVE_VALGRIND_MEMCHECK_H 1
#define HAVE_SHADOW_H 1
#define HAVE_NETINET_IP_H 1
#define HAVE_NETINET_TCP_H 1
#define HAVE_NETINET_IN_SYSTM_H 1
#define HAVE_NSS_H 1
#define HAVE_SECURITY_PAM_APPL_H 1
#define HAVE_SECURITY_PAM_MODULES_H 1
#define HAVE_STROPTS_H 1
#define HAVE_POLL_H 1
#define HAVE_SYS_CAPABILITY_H 1
#define HAVE_SYSCALL_H 1
#define HAVE_SYS_SYSCALL_H 1
#define HAVE_SYS_ACL_H 1
#define HAVE_ATTR_XATTR_H 1
#define HAVE_SYS_XATTR_H 1
#define HAVE_SYS_CDEFS_H 1
#define HAVE_GLOB_H 1
#define HAVE_UTMP_H 1
#define HAVE_UTMPX_H 1
#define HAVE_LASTLOG_H 1
#define SIZEOF_INT 4
#define SIZEOF_LONG 4
#define SIZEOF_SHORT 2
#define RETSIGTYPE void
#define HAVE_STRUCT_STAT_ST_RDEV 1
#define HAVE_ST_RDEV 1
#define HAVE_DIRENT_D_OFF 1
#define offset_t loff_t
#define HAVE_IMMEDIATE_STRUCTURES 1
#define HAVE_COMPILER_WILL_OPTIMIZE_OUT_FNS 1
#define HAVE_UNIXSOCKET 1
#define HAVE_SOCKLEN_T_TYPE 1
#define HAVE_SIG_ATOMIC_T_TYPE 1
#define HAVE_ERRNO_DECL 1
#define HAVE_SETRESUID_DECL 1
#define HAVE_SETRESGID_DECL 1
#define HAVE_ASPRINTF_DECL 1
#define HAVE_VASPRINTF_DECL 1
#define HAVE_VSNPRINTF_DECL 1
#define HAVE_SNPRINTF_DECL 1
#define HAVE_SETRESUID 1
#define HAVE_SETRESGID 1
#define HAVE_READLINE_READLINE_H 1
#define HAVE_READLINE_HISTORY_H 1
#define HAVE_READLINE_READLINE_H 1
#define HAVE_LIBREADLINE 1
#define HAVE_NEW_LIBREADLINE 1
#define HAVE_CONNECT 1
#define HAVE_YP_GET_DEFAULT_DOMAIN 1
#define HAVE_EXECL 1
#define HAVE_DLOPEN 1
#define HAVE_DLCLOSE 1
#define HAVE_DLSYM 1
#define HAVE_DLERROR 1
#define HAVE_WAITPID 1
#define HAVE_GETCWD 1
#define HAVE_STRDUP 1
#define HAVE_STRNDUP 1
#define HAVE_STRNLEN 1
#define HAVE_STRTOUL 1
#define HAVE_STRERROR 1
#define HAVE_CHOWN 1
#define HAVE_FCHOWN 1
#define HAVE_CHMOD 1
#define HAVE_FCHMOD 1
#define HAVE_CHROOT 1
#define HAVE_LINK 1
#define HAVE_MKNOD 1
#define HAVE_FSTAT 1
#define HAVE_STRCHR 1
#define HAVE_UTIME 1
#define HAVE_UTIMES 1
#define HAVE_GETRLIMIT 1
#define HAVE_FSYNC 1
#define HAVE_BZERO 1
#define HAVE_MEMSET 1
#define HAVE_SETPGID 1
#define HAVE_MEMMOVE 1
#define HAVE_VSNPRINTF 1
#define HAVE_SNPRINTF 1
#define HAVE_ASPRINTF 1
#define HAVE_VASPRINTF 1
#define HAVE_SETSID 1
#define HAVE_GLOB 1
#define HAVE_STRPBRK 1
#define HAVE_PIPE 1
#define HAVE_STRFTIME 1
#define HAVE_SIGPROCMASK 1
#define HAVE_SIGBLOCK 1
#define HAVE_SIGACTION 1
#define HAVE_SIGSET 1
#define HAVE_INNETGR 1
#define HAVE_SETNETGRENT 1
#define HAVE_GETNETGRENT 1
#define HAVE_ENDNETGRENT 1
#define HAVE_INITGROUPS 1
#define HAVE_SELECT 1
#define HAVE_POLL 1
#define HAVE_GETGRNAM 1
#define HAVE_GETGRENT 1
#define HAVE_PATHCONF 1
#define HAVE_REALPATH 1
#define HAVE_SETGROUPS 1
#define HAVE_SYSCONF 1
#define HAVE_MKTIME 1
#define HAVE_RENAME 1
#define HAVE_FTRUNCATE 1
#define HAVE_STAT64 1
#define HAVE_FSTAT64 1
#define HAVE_LSTAT64 1
#define HAVE_FOPEN64 1
#define HAVE_ATEXIT 1
#define HAVE_GRANTPT 1
#define HAVE_DUP2 1
#define HAVE_LSEEK64 1
#define HAVE_FTRUNCATE64 1
#define HAVE_READDIR64 1
#define HAVE_FSEEKO64 1
#define HAVE_FTELLO64 1
#define HAVE_SETLINEBUF 1
#define HAVE_SRANDOM 1
#define HAVE_RANDOM 1
#define HAVE_SRAND 1
#define HAVE_RAND 1
#define HAVE_SETENV 1
#define HAVE_USLEEP 1
#define HAVE_STRCASECMP 1
#define HAVE_FCVT 1
#define HAVE_SYMLINK 1
#define HAVE_READLINK 1
#define HAVE_SYSLOG 1
#define HAVE_VSYSLOG 1
#define HAVE_TIMEGM 1
#define HAVE_SETLOCALE 1
#define HAVE_NL_LANGINFO 1
#define HAVE_SETBUFFER 1
#define HAVE_SHMGET 1
#define HAVE_BACKTRACE_SYMBOLS 1
#define HAVE_SYSCALL 1
#define HAVE___DUP2 1
#define HAVE___XSTAT 1
#define HAVE___FXSTAT 1
#define HAVE___LXSTAT 1
#define HAVE___STAT 1
#define HAVE___LSTAT 1
#define HAVE___FSTAT 1
#define HAVE___OPEN 1
#define HAVE___CLOSE 1
#define HAVE___FCNTL 1
#define HAVE___LSEEK 1
#define HAVE___READ 1
#define HAVE_GETDIRENTRIES 1
#define HAVE___WRITE 1
#define HAVE___FORK 1
#define HAVE_LLSEEK 1
#define HAVE_READDIR64 1
#define HAVE_PREAD 1
#define HAVE_PREAD64 1
#define HAVE___PREAD64 1
#define HAVE_PWRITE 1
#define HAVE_PWRITE64 1
#define HAVE___PWRITE64 1
#define HAVE_OPEN64 1
#define HAVE___OPEN64 1
#define HAVE_CREAT64 1
#define HAVE_GETGROUPLIST 1
#define HAVE_LIBRESOLV 1
#define HAVE_GETSPNAM 1
#define HAVE_GETSPNAM 1
#define HAVE_GETSPNAM 1
#define HAVE_GETXATTR 1
#define HAVE_LGETXATTR 1
#define HAVE_FGETXATTR 1
#define HAVE_LISTXATTR 1
#define HAVE_LLISTXATTR 1
#define HAVE_FLISTXATTR 1
#define HAVE_REMOVEXATTR 1
#define HAVE_LREMOVEXATTR 1
#define HAVE_FREMOVEXATTR 1
#define HAVE_SETXATTR 1
#define HAVE_LSETXATTR 1
#define HAVE_FSETXATTR 1
#define LINUX 1
#define STAT_ST_BLOCKSIZE 512
#define HAVE_LONGLONG 1
#define COMPILER_SUPPORTS_LL 1
#define SIZEOF_OFF_T 8
#define SIZEOF_INO_T 8
#define HAVE_STRUCT_DIRENT64 1
#define HAVE_DEVICE_MAJOR_FN 1
#define HAVE_DEVICE_MINOR_FN 1
#define SEEKDIR_RETURNS_VOID 1
#define HAVE_FUNCTION_MACRO 1
#define HAVE_GETTIMEOFDAY_TZ 1
#define HAVE_VA_COPY 1
#define HAVE_C99_VSNPRINTF 1
#define HAVE_UTIMBUF 1
#define HAVE_PUTUTLINE 1
#define HAVE_PUTUTXLINE 1
#define HAVE_UPDWTMP 1
#define HAVE_UPDWTMPX 1
#define HAVE_GETUTMPX 1
#define HAVE_UT_UT_NAME 1
#define HAVE_UT_UT_USER 1
#define HAVE_UT_UT_ID 1
#define HAVE_UT_UT_HOST 1
#define HAVE_UT_UT_TIME 1
#define HAVE_UT_UT_TV 1
#define HAVE_UT_UT_TYPE 1
#define HAVE_UT_UT_PID 1
#define HAVE_UT_UT_EXIT 1
#define HAVE_UT_UT_ADDR 1
#define PUTUTLINE_RETURNS_UTMP 1
#define HAVE_ICONV 1
#define HAVE_NATIVE_ICONV 1
#define DEFAULT_DOS_CHARSET "CP850"
#define DEFAULT_DISPLAY_CHARSET "ASCII"
#define DEFAULT_UNIX_CHARSET "UTF-8"
#define HAVE_KERNEL_OPLOCKS_LINUX 1
#define HAVE_KERNEL_CHANGE_NOTIFY 1
#define HAVE_KERNEL_SHARE_MODES 1
#define HAVE_FTRUNCATE_EXTEND 1
#define REPLACE_GETPASS 1
#define HAVE_SECURE_MKSTEMP 1
#define SYSCONF_SC_NGROUPS_MAX 1
#define HAVE_ROOT 1
#define HAVE_IFACE_IFCONF 1
#define USE_SETRESUID 1
#define HAVE_MMAP 1
#define HAVE_FCNTL_LOCK 1
#define HAVE_STRUCT_FLOCK64 1
#define HAVE_STAT_ST_BLOCKS 1
#define HAVE_STAT_ST_BLKSIZE 1
#define HAVE_LIBPAM 1
#define HAVE_CRYPT 1
#define HAVE_ASM_TYPES_H 1
#include <asm/types.h>
#define HAVE_SYS_QUOTA_H 1
#define HAVE_QUOTACTL_4A 1
#define HAVE_MNTENT_H 1
#define HAVE_SETMNTENT 1
#define HAVE_GETMNTENT 1
#define HAVE_ENDMNTENT 1
#define WITH_UTMP 1
#define STAT_STATVFS64 1
#define HAVE_EXPLICIT_LARGEFILE_SUPPORT 1
#define HAVE_NO_ACLS 1
#define HAVE_SENDFILE64 1
#define LINUX_SENDFILE_API 1
#define WITH_SENDFILE 1
#define WITH_WINBIND 1
#define static_init_pdb { pdb_smbpasswd_init(); pdb_tdbsam_init(); pdb_guest_init();}
#define static_init_rpc { rpc_lsa_init(); rpc_reg_init(); rpc_lsa_ds_init(); rpc_wks_init(); rpc_net_init(); rpc_dfs_init(); rpc_srv_init(); rpc_spoolss_init(); rpc_samr_init();}
#define static_init_idmap { idmap_tdb_init();}
#define charset_CP850_init init_module
#define charset_CP437_init init_module
#define static_init_charset {}
#define static_init_auth { auth_rhosts_init(); auth_sam_init(); auth_unix_init(); auth_winbind_init(); auth_server_init(); auth_domain_init(); auth_builtin_init();}
#define vfs_recycle_init init_module
#define vfs_audit_init init_module
#define vfs_extd_audit_init init_module
#define vfs_netatalk_init init_module
#define vfs_fake_perms_init init_module
#define vfs_default_quota_init init_module
#define vfs_readonly_init init_module
#define vfs_cap_init init_module
#define vfs_expand_msdfs_init init_module
#define vfs_shadow_copy_init init_module
#define static_init_vfs {}
#define STRING_STATIC_MODULES " pdb_smbpasswd pdb_tdbsam pdb_guest rpc_lsa rpc_reg rpc_lsa_ds rpc_wks rpc_net rpc_dfs rpc_srv rpc_spoolss rpc_samr idmap_tdb auth_rhosts auth_sam auth_unix auth_winbind auth_server auth_domain auth_builtin"

configure: exit 0
