This file contains any messages produced by compilers while
running configure, to aid debugging if configure makes a mistake.

It was created by configure, which was
generated by GNU Autoconf 2.61.  Invocation command line was

  $ ./configure --prefix=/home/zhangtianchuan/gpl_825/DIR825/build/tmpdist --host=mips-linux --disable-shared

## --------- ##
## Platform. ##
## --------- ##

hostname = wireless
uname -m = i686
uname -r = 2.6.32-642.3.1.el6.i686
uname -s = Linux
uname -v = #1 SMP Tue Jul 12 17:53:37 UTC 2016

/usr/bin/uname -p = unknown
/bin/uname -X     = unknown

/bin/arch              = i686
/usr/bin/arch -k       = unknown
/usr/convex/getsysinfo = unknown
/usr/bin/hostinfo      = unknown
/bin/machine           = unknown
/usr/bin/oslevel       = unknown
/bin/universe          = unknown

PATH: /usr/local/bin
PATH: /bin
PATH: /usr/bin
PATH: /usr/local/sbin
PATH: /usr/sbin
PATH: /sbin
PATH: /home/zhangtianchuan/bin
PATH: /home/zhangtianchuan/gpl_825/DIR825/tools
PATH: /opt/tbs_toolchains/realtek/rsdk-1.5.5-5281-EB-2.6.30-0.9.30.3-110714/bin/
PATH: /home/zhangtianchuan/gpl_825/DIR825/tools
PATH: /opt/tbs_toolchains/realtek/rsdk-1.5.5-5281-EB-2.6.30-0.9.30.3-110714/bin/
PATH: /home/zhangtianchuan/gpl_825/DIR825/tools
PATH: /opt/tbs_toolchains/realtek/rsdk-1.5.5-5281-EB-2.6.30-0.9.30.3-110714/bin/
PATH: /home/zhangtianchuan/gpl_825/DIR825/tools
PATH: /opt/tbs_toolchains/realtek/rsdk-1.5.5-5281-EB-2.6.30-0.9.30.3-110714/bin/


## ----------- ##
## Core tests. ##
## ----------- ##

configure:1963: checking build system type
configure:1981: result: i686-pc-linux-gnu
configure:2003: checking host system type
configure:2018: result: mips-unknown-linux-gnu
configure:2040: checking target system type
configure:2055: result: mips-unknown-linux-gnu
configure:2099: checking for a BSD-compatible install
configure:2155: result: /usr/bin/install -c
configure:2166: checking whether build environment is sane
configure:2209: result: yes
configure:2237: checking for a thread-safe mkdir -p
configure:2276: result: /bin/mkdir -p
configure:2289: checking for gawk
configure:2316: result: awk
configure:2327: checking whether make sets $(MAKE)
configure:2348: result: yes
configure:2428: checking for mips-linux-strip
configure:2455: result: rsdk-linux-strip
configure:2545: checking for mips-linux-gcc
configure:2572: result: rsdk-linux-gcc
configure:2850: checking for C compiler version
configure:2857: rsdk-linux-gcc --version >&5
mips-linux-xgcc (GCC) 4.4.5-1.5.5p4
Copyright (C) 2010 Free Software Foundation, Inc.
This is free software; see the source for copying conditions.  There is NO
warranty; not even for MERCHANTABILITY or FITNESS FOR A PARTICULAR PURPOSE.

configure:2860: $? = 0
configure:2867: rsdk-linux-gcc -v >&5
Using built-in specs.
Target: mips-linux
Configured with: RSDK Builder release 1.5
Thread model: posix
gcc version 4.4.5-1.5.5p4 (GCC) 
configure:2870: $? = 0
configure:2877: rsdk-linux-gcc -V >&5
mips-linux-xgcc: '-V' must come at the start of the command line
configure:2880: $? = 1
configure:2903: checking for C compiler default output file name
configure:2930: rsdk-linux-gcc -Dlinux -D__linux__ -Dunix  -D_LINUX_2_6_ -I. -I/opt/tbs_toolchains/realtek/rsdk-1.5.5-5281-EB-2.6.30-0.9.30.3-110714/mips-linux//include -I/home/zhangtianchuan/gpl_825/DIR825/build/kernel/linux-2.6.30/include -I/opt/tbs_toolchains/realtek/rsdk-1.5.5-5281-EB-2.6.30-0.9.30.3-110714/mips-linux//../lib/gcc-lib/mips-linux-uclibc/3.3.5/include   conftest.c  >&5
configure:2933: $? = 0
configure:2971: result: a.out
configure:2988: checking whether the C compiler works
configure:2998: ./a.out
./configure: line 2999: ./a.out: cannot execute binary file
configure:3001: $? = 126
configure:3018: result: yes
configure:3025: checking whether we are cross compiling
configure:3027: result: yes
configure:3030: checking for suffix of executables
configure:3037: rsdk-linux-gcc -o conftest -Dlinux -D__linux__ -Dunix  -D_LINUX_2_6_ -I. -I/opt/tbs_toolchains/realtek/rsdk-1.5.5-5281-EB-2.6.30-0.9.30.3-110714/mips-linux//include -I/home/zhangtianchuan/gpl_825/DIR825/build/kernel/linux-2.6.30/include -I/opt/tbs_toolchains/realtek/rsdk-1.5.5-5281-EB-2.6.30-0.9.30.3-110714/mips-linux//../lib/gcc-lib/mips-linux-uclibc/3.3.5/include   conftest.c  >&5
configure:3040: $? = 0
configure:3064: result: 
configure:3070: checking for suffix of object files
configure:3096: rsdk-linux-gcc -c -Dlinux -D__linux__ -Dunix  -D_LINUX_2_6_ -I. -I/opt/tbs_toolchains/realtek/rsdk-1.5.5-5281-EB-2.6.30-0.9.30.3-110714/mips-linux//include -I/home/zhangtianchuan/gpl_825/DIR825/build/kernel/linux-2.6.30/include -I/opt/tbs_toolchains/realtek/rsdk-1.5.5-5281-EB-2.6.30-0.9.30.3-110714/mips-linux//../lib/gcc-lib/mips-linux-uclibc/3.3.5/include  conftest.c >&5
configure:3099: $? = 0
configure:3122: result: o
configure:3126: checking whether we are using the GNU C compiler
configure:3155: rsdk-linux-gcc -c -Dlinux -D__linux__ -Dunix  -D_LINUX_2_6_ -I. -I/opt/tbs_toolchains/realtek/rsdk-1.5.5-5281-EB-2.6.30-0.9.30.3-110714/mips-linux//include -I/home/zhangtianchuan/gpl_825/DIR825/build/kernel/linux-2.6.30/include -I/opt/tbs_toolchains/realtek/rsdk-1.5.5-5281-EB-2.6.30-0.9.30.3-110714/mips-linux//../lib/gcc-lib/mips-linux-uclibc/3.3.5/include  conftest.c >&5
configure:3161: $? = 0
configure:3178: result: yes
configure:3183: checking whether rsdk-linux-gcc accepts -g
configure:3213: rsdk-linux-gcc -c -g  conftest.c >&5
configure:3219: $? = 0
configure:3318: result: yes
configure:3335: checking for rsdk-linux-gcc option to accept ISO C89
configure:3409: rsdk-linux-gcc  -c -Dlinux -D__linux__ -Dunix  -D_LINUX_2_6_ -I. -I/opt/tbs_toolchains/realtek/rsdk-1.5.5-5281-EB-2.6.30-0.9.30.3-110714/mips-linux//include -I/home/zhangtianchuan/gpl_825/DIR825/build/kernel/linux-2.6.30/include -I/opt/tbs_toolchains/realtek/rsdk-1.5.5-5281-EB-2.6.30-0.9.30.3-110714/mips-linux//../lib/gcc-lib/mips-linux-uclibc/3.3.5/include  conftest.c >&5
configure:3415: $? = 0
configure:3438: result: none needed
configure:3467: checking for style of include used by make
configure:3495: result: GNU
configure:3520: checking dependency style of rsdk-linux-gcc
configure:3611: result: gcc3
configure:3699: checking for a sed that does not truncate output
configure:3755: result: /bin/sed
configure:3758: checking for grep that handles long lines and -e
configure:3832: result: /bin/grep
configure:3837: checking for egrep
configure:3915: result: /bin/grep -E
configure:3931: checking for ld used by rsdk-linux-gcc
configure:3998: result: rsdk-linux-ld
configure:4007: checking if the linker (rsdk-linux-ld) is GNU ld
configure:4022: result: yes
configure:4027: checking for rsdk-linux-ld option to reload object files
configure:4034: result: -r
configure:4052: checking for BSD-compatible nm
configure:4101: result: rsdk-linux-nm
configure:4105: checking whether ln -s works
configure:4109: result: yes
configure:4116: checking how to recognize dependent libraries
configure:4302: result: pass_all
configure:4542: checking how to run the C preprocessor
configure:4658: result: rsdk-linux-gcc -E
configure:4687: rsdk-linux-gcc -E  conftest.c
configure:4693: $? = 0
configure:4724: rsdk-linux-gcc -E  conftest.c
conftest.c:10:28: error: ac_nonexistent.h: No such file or directory
configure:4730: $? = 1
configure: failed program was:
| /* confdefs.h.  */
| #define PACKAGE_NAME ""
| #define PACKAGE_TARNAME ""
| #define PACKAGE_VERSION ""
| #define PACKAGE_STRING ""
| #define PACKAGE_BUGREPORT ""
| #define PACKAGE "libnfnetlink"
| #define VERSION "0.0.33"
| /* end confdefs.h.  */
| #include <ac_nonexistent.h>
configure:4768: checking for ANSI C header files
configure:4798: rsdk-linux-gcc -c -Dlinux -D__linux__ -Dunix  -D_LINUX_2_6_ -I. -I/opt/tbs_toolchains/realtek/rsdk-1.5.5-5281-EB-2.6.30-0.9.30.3-110714/mips-linux//include -I/home/zhangtianchuan/gpl_825/DIR825/build/kernel/linux-2.6.30/include -I/opt/tbs_toolchains/realtek/rsdk-1.5.5-5281-EB-2.6.30-0.9.30.3-110714/mips-linux//../lib/gcc-lib/mips-linux-uclibc/3.3.5/include  conftest.c >&5
configure:4804: $? = 0
configure:4932: result: yes
configure:4956: checking for sys/types.h
configure:4977: rsdk-linux-gcc -c -Dlinux -D__linux__ -Dunix  -D_LINUX_2_6_ -I. -I/opt/tbs_toolchains/realtek/rsdk-1.5.5-5281-EB-2.6.30-0.9.30.3-110714/mips-linux//include -I/home/zhangtianchuan/gpl_825/DIR825/build/kernel/linux-2.6.30/include -I/opt/tbs_toolchains/realtek/rsdk-1.5.5-5281-EB-2.6.30-0.9.30.3-110714/mips-linux//../lib/gcc-lib/mips-linux-uclibc/3.3.5/include  conftest.c >&5
configure:4983: $? = 0
configure:4999: result: yes
configure:4956: checking for sys/stat.h
configure:4977: rsdk-linux-gcc -c -Dlinux -D__linux__ -Dunix  -D_LINUX_2_6_ -I. -I/opt/tbs_toolchains/realtek/rsdk-1.5.5-5281-EB-2.6.30-0.9.30.3-110714/mips-linux//include -I/home/zhangtianchuan/gpl_825/DIR825/build/kernel/linux-2.6.30/include -I/opt/tbs_toolchains/realtek/rsdk-1.5.5-5281-EB-2.6.30-0.9.30.3-110714/mips-linux//../lib/gcc-lib/mips-linux-uclibc/3.3.5/include  conftest.c >&5
configure:4983: $? = 0
configure:4999: result: yes
configure:4956: checking for stdlib.h
configure:4977: rsdk-linux-gcc -c -Dlinux -D__linux__ -Dunix  -D_LINUX_2_6_ -I. -I/opt/tbs_toolchains/realtek/rsdk-1.5.5-5281-EB-2.6.30-0.9.30.3-110714/mips-linux//include -I/home/zhangtianchuan/gpl_825/DIR825/build/kernel/linux-2.6.30/include -I/opt/tbs_toolchains/realtek/rsdk-1.5.5-5281-EB-2.6.30-0.9.30.3-110714/mips-linux//../lib/gcc-lib/mips-linux-uclibc/3.3.5/include  conftest.c >&5
configure:4983: $? = 0
configure:4999: result: yes
configure:4956: checking for string.h
configure:4977: rsdk-linux-gcc -c -Dlinux -D__linux__ -Dunix  -D_LINUX_2_6_ -I. -I/opt/tbs_toolchains/realtek/rsdk-1.5.5-5281-EB-2.6.30-0.9.30.3-110714/mips-linux//include -I/home/zhangtianchuan/gpl_825/DIR825/build/kernel/linux-2.6.30/include -I/opt/tbs_toolchains/realtek/rsdk-1.5.5-5281-EB-2.6.30-0.9.30.3-110714/mips-linux//../lib/gcc-lib/mips-linux-uclibc/3.3.5/include  conftest.c >&5
configure:4983: $? = 0
configure:4999: result: yes
configure:4956: checking for memory.h
configure:4977: rsdk-linux-gcc -c -Dlinux -D__linux__ -Dunix  -D_LINUX_2_6_ -I. -I/opt/tbs_toolchains/realtek/rsdk-1.5.5-5281-EB-2.6.30-0.9.30.3-110714/mips-linux//include -I/home/zhangtianchuan/gpl_825/DIR825/build/kernel/linux-2.6.30/include -I/opt/tbs_toolchains/realtek/rsdk-1.5.5-5281-EB-2.6.30-0.9.30.3-110714/mips-linux//../lib/gcc-lib/mips-linux-uclibc/3.3.5/include  conftest.c >&5
configure:4983: $? = 0
configure:4999: result: yes
configure:4956: checking for strings.h
configure:4977: rsdk-linux-gcc -c -Dlinux -D__linux__ -Dunix  -D_LINUX_2_6_ -I. -I/opt/tbs_toolchains/realtek/rsdk-1.5.5-5281-EB-2.6.30-0.9.30.3-110714/mips-linux//include -I/home/zhangtianchuan/gpl_825/DIR825/build/kernel/linux-2.6.30/include -I/opt/tbs_toolchains/realtek/rsdk-1.5.5-5281-EB-2.6.30-0.9.30.3-110714/mips-linux//../lib/gcc-lib/mips-linux-uclibc/3.3.5/include  conftest.c >&5
configure:4983: $? = 0
configure:4999: result: yes
configure:4956: checking for inttypes.h
configure:4977: rsdk-linux-gcc -c -Dlinux -D__linux__ -Dunix  -D_LINUX_2_6_ -I. -I/opt/tbs_toolchains/realtek/rsdk-1.5.5-5281-EB-2.6.30-0.9.30.3-110714/mips-linux//include -I/home/zhangtianchuan/gpl_825/DIR825/build/kernel/linux-2.6.30/include -I/opt/tbs_toolchains/realtek/rsdk-1.5.5-5281-EB-2.6.30-0.9.30.3-110714/mips-linux//../lib/gcc-lib/mips-linux-uclibc/3.3.5/include  conftest.c >&5
configure:4983: $? = 0
configure:4999: result: yes
configure:4956: checking for stdint.h
configure:4977: rsdk-linux-gcc -c -Dlinux -D__linux__ -Dunix  -D_LINUX_2_6_ -I. -I/opt/tbs_toolchains/realtek/rsdk-1.5.5-5281-EB-2.6.30-0.9.30.3-110714/mips-linux//include -I/home/zhangtianchuan/gpl_825/DIR825/build/kernel/linux-2.6.30/include -I/opt/tbs_toolchains/realtek/rsdk-1.5.5-5281-EB-2.6.30-0.9.30.3-110714/mips-linux//../lib/gcc-lib/mips-linux-uclibc/3.3.5/include  conftest.c >&5
configure:4983: $? = 0
configure:4999: result: yes
configure:4956: checking for unistd.h
configure:4977: rsdk-linux-gcc -c -Dlinux -D__linux__ -Dunix  -D_LINUX_2_6_ -I. -I/opt/tbs_toolchains/realtek/rsdk-1.5.5-5281-EB-2.6.30-0.9.30.3-110714/mips-linux//include -I/home/zhangtianchuan/gpl_825/DIR825/build/kernel/linux-2.6.30/include -I/opt/tbs_toolchains/realtek/rsdk-1.5.5-5281-EB-2.6.30-0.9.30.3-110714/mips-linux//../lib/gcc-lib/mips-linux-uclibc/3.3.5/include  conftest.c >&5
configure:4983: $? = 0
configure:4999: result: yes
configure:5026: checking dlfcn.h usability
configure:5043: rsdk-linux-gcc -c -Dlinux -D__linux__ -Dunix  -D_LINUX_2_6_ -I. -I/opt/tbs_toolchains/realtek/rsdk-1.5.5-5281-EB-2.6.30-0.9.30.3-110714/mips-linux//include -I/home/zhangtianchuan/gpl_825/DIR825/build/kernel/linux-2.6.30/include -I/opt/tbs_toolchains/realtek/rsdk-1.5.5-5281-EB-2.6.30-0.9.30.3-110714/mips-linux//../lib/gcc-lib/mips-linux-uclibc/3.3.5/include  conftest.c >&5
configure:5049: $? = 0
configure:5063: result: yes
configure:5067: checking dlfcn.h presence
configure:5082: rsdk-linux-gcc -E  conftest.c
configure:5088: $? = 0
configure:5102: result: yes
configure:5130: checking for dlfcn.h
configure:5138: result: yes
configure:5165: checking for mips-linux-g++
configure:5181: found /opt/tbs_toolchains/realtek/rsdk-1.5.5-5281-EB-2.6.30-0.9.30.3-110714/bin//mips-linux-g++
configure:5192: result: mips-linux-g++
configure:5267: checking for C++ compiler version
configure:5274: mips-linux-g++ --version >&5
mips-linux-xg++ (GCC) 4.4.5-1.5.5p4
Copyright (C) 2010 Free Software Foundation, Inc.
This is free software; see the source for copying conditions.  There is NO
warranty; not even for MERCHANTABILITY or FITNESS FOR A PARTICULAR PURPOSE.

configure:5277: $? = 0
configure:5284: mips-linux-g++ -v >&5
Using built-in specs.
Target: mips-linux
Configured with: RSDK Builder release 1.5
Thread model: posix
gcc version 4.4.5-1.5.5p4 (GCC) 
configure:5287: $? = 0
configure:5294: mips-linux-g++ -V >&5
mips-linux-xg++: argument to '-V' missing

configure:5297: $? = 1
configure:5300: checking whether we are using the GNU C++ compiler
configure:5329: mips-linux-g++ -c   conftest.cpp >&5
configure:5335: $? = 0
configure:5352: result: yes
configure:5357: checking whether mips-linux-g++ accepts -g
configure:5387: mips-linux-g++ -c -g  conftest.cpp >&5
configure:5393: $? = 0
configure:5492: result: yes
configure:5517: checking dependency style of mips-linux-g++
configure:5608: result: gcc3
configure:5633: checking how to run the C++ preprocessor
configure:5669: mips-linux-g++ -E  conftest.cpp
configure:5675: $? = 0
configure:5706: mips-linux-g++ -E  conftest.cpp
conftest.cpp:21:28: error: ac_nonexistent.h: No such file or directory
configure:5712: $? = 1
configure: failed program was:
| /* confdefs.h.  */
| #define PACKAGE_NAME ""
| #define PACKAGE_TARNAME ""
| #define PACKAGE_VERSION ""
| #define PACKAGE_STRING ""
| #define PACKAGE_BUGREPORT ""
| #define PACKAGE "libnfnetlink"
| #define VERSION "0.0.33"
| #define STDC_HEADERS 1
| #define HAVE_SYS_TYPES_H 1
| #define HAVE_SYS_STAT_H 1
| #define HAVE_STDLIB_H 1
| #define HAVE_STRING_H 1
| #define HAVE_MEMORY_H 1
| #define HAVE_STRINGS_H 1
| #define HAVE_INTTYPES_H 1
| #define HAVE_STDINT_H 1
| #define HAVE_UNISTD_H 1
| #define HAVE_DLFCN_H 1
| /* end confdefs.h.  */
| #include <ac_nonexistent.h>
configure:5745: result: mips-linux-g++ -E
configure:5774: mips-linux-g++ -E  conftest.cpp
configure:5780: $? = 0
configure:5811: mips-linux-g++ -E  conftest.cpp
conftest.cpp:21:28: error: ac_nonexistent.h: No such file or directory
configure:5817: $? = 1
configure: failed program was:
| /* confdefs.h.  */
| #define PACKAGE_NAME ""
| #define PACKAGE_TARNAME ""
| #define PACKAGE_VERSION ""
| #define PACKAGE_STRING ""
| #define PACKAGE_BUGREPORT ""
| #define PACKAGE "libnfnetlink"
| #define VERSION "0.0.33"
| #define STDC_HEADERS 1
| #define HAVE_SYS_TYPES_H 1
| #define HAVE_SYS_STAT_H 1
| #define HAVE_STDLIB_H 1
| #define HAVE_STRING_H 1
| #define HAVE_MEMORY_H 1
| #define HAVE_STRINGS_H 1
| #define HAVE_INTTYPES_H 1
| #define HAVE_STDINT_H 1
| #define HAVE_UNISTD_H 1
| #define HAVE_DLFCN_H 1
| /* end confdefs.h.  */
| #include <ac_nonexistent.h>
configure:5866: checking for mips-linux-g77
configure:5896: result: no
configure:5866: checking for mips-linux-xlf
configure:5896: result: no
configure:5866: checking for mips-linux-f77
configure:5896: result: no
configure:5866: checking for mips-linux-frt
configure:5896: result: no
configure:5866: checking for mips-linux-pgf77
configure:5896: result: no
configure:5866: checking for mips-linux-cf77
configure:5896: result: no
configure:5866: checking for mips-linux-fort77
configure:5896: result: no
configure:5866: checking for mips-linux-fl32
configure:5896: result: no
configure:5866: checking for mips-linux-af77
configure:5896: result: no
configure:5866: checking for mips-linux-xlf90
configure:5896: result: no
configure:5866: checking for mips-linux-f90
configure:5896: result: no
configure:5866: checking for mips-linux-pgf90
configure:5896: result: no
configure:5866: checking for mips-linux-pghpf
configure:5896: result: no
configure:5866: checking for mips-linux-epcf90
configure:5896: result: no
configure:5866: checking for mips-linux-gfortran
configure:5896: result: no
configure:5866: checking for mips-linux-g95
configure:5896: result: no
configure:5866: checking for mips-linux-xlf95
configure:5896: result: no
configure:5866: checking for mips-linux-f95
configure:5896: result: no
configure:5866: checking for mips-linux-fort
configure:5896: result: no
configure:5866: checking for mips-linux-ifort
configure:5896: result: no
configure:5866: checking for mips-linux-ifc
configure:5896: result: no
configure:5866: checking for mips-linux-efc
configure:5896: result: no
configure:5866: checking for mips-linux-pgf95
configure:5896: result: no
configure:5866: checking for mips-linux-lf95
configure:5896: result: no
configure:5866: checking for mips-linux-ftn
configure:5896: result: no
configure:5910: checking for g77
configure:5940: result: no
configure:5910: checking for xlf
configure:5940: result: no
configure:5910: checking for f77
configure:5940: result: no
configure:5910: checking for frt
configure:5940: result: no
configure:5910: checking for pgf77
configure:5940: result: no
configure:5910: checking for cf77
configure:5940: result: no
configure:5910: checking for fort77
configure:5940: result: no
configure:5910: checking for fl32
configure:5940: result: no
configure:5910: checking for af77
configure:5940: result: no
configure:5910: checking for xlf90
configure:5940: result: no
configure:5910: checking for f90
configure:5940: result: no
configure:5910: checking for pgf90
configure:5940: result: no
configure:5910: checking for pghpf
configure:5940: result: no
configure:5910: checking for epcf90
configure:5940: result: no
configure:5910: checking for gfortran
configure:5926: found /usr/bin/gfortran
configure:5937: result: gfortran
configure:5955: WARNING: In the future, Autoconf will not detect cross-tools
whose name does not start with the host triplet.  If you think this
configuration is useful to you, please write to autoconf@gnu.org.
configure:5967: checking for Fortran 77 compiler version
configure:5974: gfortran --version >&5
GNU Fortran (GCC) 4.4.7 20120313 (Red Hat 4.4.7-17)
Copyright (C) 2010 Free Software Foundation, Inc.

GNU Fortran comes with NO WARRANTY, to the extent permitted by law.
You may redistribute copies of GNU Fortran
under the terms of the GNU General Public License.
For more information about these matters, see the file named COPYING

configure:5977: $? = 0
configure:5984: gfortran -v >&5
Using built-in specs.
Target: i686-redhat-linux
Configured with: ../configure --prefix=/usr --mandir=/usr/share/man --infodir=/usr/share/info --with-bugurl=http://bugzilla.redhat.com/bugzilla --enable-bootstrap --enable-shared --enable-threads=posix --enable-checking=release --with-system-zlib --enable-__cxa_atexit --disable-libunwind-exceptions --enable-gnu-unique-object --enable-languages=c,c++,objc,obj-c++,java,fortran,ada --enable-java-awt=gtk --disable-dssi --with-java-home=/usr/lib/jvm/java-1.5.0-gcj-1.5.0.0/jre --enable-libgcj-multifile --enable-java-maintainer-mode --with-ecj-jar=/usr/share/java/eclipse-ecj.jar --disable-libjava-multilib --with-ppl --with-cloog --with-tune=generic --with-arch=i686 --build=i686-redhat-linux
Thread model: posix
gcc version 4.4.7 20120313 (Red Hat 4.4.7-17) (GCC) 
configure:5987: $? = 0
configure:5994: gfortran -V >&5
gfortran: '-V' option must have argument
configure:5997: $? = 1
configure:6005: checking whether we are using the GNU Fortran 77 compiler
configure:6024: gfortran -c  conftest.F >&5
configure:6030: $? = 0
configure:6047: result: yes
configure:6053: checking whether gfortran accepts -g
configure:6070: gfortran -c -g conftest.f >&5
configure:6076: $? = 0
configure:6092: result: yes
configure:6122: checking the maximum length of command line arguments
configure:6234: result: 1966080
configure:6246: checking command to parse rsdk-linux-nm output from rsdk-linux-gcc object
configure:6351: rsdk-linux-gcc -c -Dlinux -D__linux__ -Dunix  -D_LINUX_2_6_ -I. -I/opt/tbs_toolchains/realtek/rsdk-1.5.5-5281-EB-2.6.30-0.9.30.3-110714/mips-linux//include -I/home/zhangtianchuan/gpl_825/DIR825/build/kernel/linux-2.6.30/include -I/opt/tbs_toolchains/realtek/rsdk-1.5.5-5281-EB-2.6.30-0.9.30.3-110714/mips-linux//../lib/gcc-lib/mips-linux-uclibc/3.3.5/include  conftest.c >&5
configure:6354: $? = 0
configure:6358: rsdk-linux-nm conftest.o \| sed -n -e 's/^.*[ 	]\([ABCDGIRSTW][ABCDGIRSTW]*\)[ 	][ 	]*\([_A-Za-z][_A-Za-z0-9]*\)$/\1 \2 \2/p' \> conftest.nm
configure:6361: $? = 0
configure:6413: rsdk-linux-gcc -o conftest -Dlinux -D__linux__ -Dunix  -D_LINUX_2_6_ -I. -I/opt/tbs_toolchains/realtek/rsdk-1.5.5-5281-EB-2.6.30-0.9.30.3-110714/mips-linux//include -I/home/zhangtianchuan/gpl_825/DIR825/build/kernel/linux-2.6.30/include -I/opt/tbs_toolchains/realtek/rsdk-1.5.5-5281-EB-2.6.30-0.9.30.3-110714/mips-linux//../lib/gcc-lib/mips-linux-uclibc/3.3.5/include   conftest.c conftstm.o >&5
configure:6416: $? = 0
configure:6454: result: ok
configure:6458: checking for objdir
configure:6473: result: .libs
configure:6525: checking for mips-linux-ar
configure:6552: result: rsdk-linux-ar
configure:6621: checking for mips-linux-ranlib
configure:6648: result: rsdk-linux-ranlib
configure:6717: checking for mips-linux-strip
configure:6744: result: rsdk-linux-strip
configure:7070: checking if rsdk-linux-gcc supports -fno-rtti -fno-exceptions
configure:7088: rsdk-linux-gcc -c -Dlinux -D__linux__ -Dunix  -D_LINUX_2_6_ -I. -I/opt/tbs_toolchains/realtek/rsdk-1.5.5-5281-EB-2.6.30-0.9.30.3-110714/mips-linux//include -I/home/zhangtianchuan/gpl_825/DIR825/build/kernel/linux-2.6.30/include -I/opt/tbs_toolchains/realtek/rsdk-1.5.5-5281-EB-2.6.30-0.9.30.3-110714/mips-linux//../lib/gcc-lib/mips-linux-uclibc/3.3.5/include  -fno-rtti -fno-exceptions conftest.c >&5
cc1: warning: command line option "-fno-rtti" is valid for C++/ObjC++ but not for C
configure:7092: $? = 0
configure:7105: result: no
configure:7120: checking for rsdk-linux-gcc option to produce PIC
configure:7352: result: -fPIC
configure:7360: checking if rsdk-linux-gcc PIC flag -fPIC works
configure:7378: rsdk-linux-gcc -c -Dlinux -D__linux__ -Dunix  -D_LINUX_2_6_ -I. -I/opt/tbs_toolchains/realtek/rsdk-1.5.5-5281-EB-2.6.30-0.9.30.3-110714/mips-linux//include -I/home/zhangtianchuan/gpl_825/DIR825/build/kernel/linux-2.6.30/include -I/opt/tbs_toolchains/realtek/rsdk-1.5.5-5281-EB-2.6.30-0.9.30.3-110714/mips-linux//../lib/gcc-lib/mips-linux-uclibc/3.3.5/include  -fPIC -DPIC conftest.c >&5
configure:7382: $? = 0
configure:7395: result: yes
configure:7423: checking if rsdk-linux-gcc static flag -static works
configure:7451: result: yes
configure:7461: checking if rsdk-linux-gcc supports -c -o file.o
configure:7482: rsdk-linux-gcc -c -Dlinux -D__linux__ -Dunix  -D_LINUX_2_6_ -I. -I/opt/tbs_toolchains/realtek/rsdk-1.5.5-5281-EB-2.6.30-0.9.30.3-110714/mips-linux//include -I/home/zhangtianchuan/gpl_825/DIR825/build/kernel/linux-2.6.30/include -I/opt/tbs_toolchains/realtek/rsdk-1.5.5-5281-EB-2.6.30-0.9.30.3-110714/mips-linux//../lib/gcc-lib/mips-linux-uclibc/3.3.5/include  -o out/conftest2.o conftest.c >&5
configure:7486: $? = 0
configure:7508: result: yes
configure:7534: checking whether the rsdk-linux-gcc linker (rsdk-linux-ld) supports shared libraries
configure:8515: result: yes
configure:8582: checking dynamic linker characteristics
configure:9196: result: GNU/Linux ld.so
configure:9205: checking how to hardcode library paths into programs
configure:9230: result: immediate
configure:9244: checking whether stripping libraries is possible
configure:9249: result: yes
configure:10051: checking if libtool supports shared libraries
configure:10053: result: yes
configure:10056: checking whether to build shared libraries
configure:10077: result: no
configure:10080: checking whether to build static libraries
configure:10084: result: yes
configure:10177: creating libtool
configure:10765: checking for ld used by mips-linux-g++
configure:10832: result: rsdk-linux-ld
configure:10841: checking if the linker (rsdk-linux-ld) is GNU ld
configure:10856: result: yes
configure:10907: checking whether the mips-linux-g++ linker (rsdk-linux-ld) supports shared libraries
configure:11881: result: yes
configure:11899: mips-linux-g++ -c -g -O2  conftest.cpp >&5
configure:11902: $? = 0
configure:12054: checking for mips-linux-g++ option to produce PIC
configure:12338: result: -fPIC
configure:12346: checking if mips-linux-g++ PIC flag -fPIC works
configure:12364: mips-linux-g++ -c -g -O2  -fPIC -DPIC conftest.cpp >&5
configure:12368: $? = 0
configure:12381: result: yes
configure:12409: checking if mips-linux-g++ static flag -static works
configure:12437: result: yes
configure:12447: checking if mips-linux-g++ supports -c -o file.o
configure:12468: mips-linux-g++ -c -g -O2  -o out/conftest2.o conftest.cpp >&5
configure:12472: $? = 0
configure:12494: result: yes
configure:12520: checking whether the mips-linux-g++ linker (rsdk-linux-ld) supports shared libraries
configure:12548: result: yes
configure:12615: checking dynamic linker characteristics
configure:13177: result: GNU/Linux ld.so
configure:13186: checking how to hardcode library paths into programs
configure:13211: result: immediate
configure:13745: checking if libtool supports shared libraries
configure:13747: result: yes
configure:13750: checking whether to build shared libraries
configure:13770: result: no
configure:13773: checking whether to build static libraries
configure:13777: result: yes
configure:13787: checking for gfortran option to produce PIC
configure:14019: result: -fPIC
configure:14027: checking if gfortran PIC flag -fPIC works
configure:14045: gfortran -c -g -O2 -fPIC conftest.f >&5
configure:14049: $? = 0
configure:14062: result: yes
configure:14090: checking if gfortran static flag -static works
configure:14118: result: yes
configure:14128: checking if gfortran supports -c -o file.o
configure:14149: gfortran -c -g -O2 -o out/conftest2.o conftest.f >&5
configure:14153: $? = 0
configure:14175: result: yes
configure:14201: checking whether the gfortran linker (rsdk-linux-ld) supports shared libraries
configure:15162: result: yes
configure:15229: checking dynamic linker characteristics
configure:15791: result: GNU/Linux ld.so
configure:15800: checking how to hardcode library paths into programs
configure:15825: result: immediate
configure:19573: creating ./config.status

## ---------------------- ##
## Running config.status. ##
## ---------------------- ##

This file was extended by config.status, which was
generated by GNU Autoconf 2.61.  Invocation command line was

  CONFIG_FILES    = 
  CONFIG_HEADERS  = 
  CONFIG_LINKS    = 
  CONFIG_COMMANDS = 
  $ ./config.status 

on wireless

config.status:655: creating Makefile
config.status:655: creating src/Makefile
config.status:655: creating include/Makefile
config.status:655: creating include/libnfnetlink/Makefile
config.status:655: creating utils/Makefile
config.status:655: creating libnfnetlink.pc
config.status:846: executing depfiles commands

## ---------------- ##
## Cache variables. ##
## ---------------- ##

ac_cv_build=i686-pc-linux-gnu
ac_cv_c_compiler_gnu=yes
ac_cv_cxx_compiler_gnu=yes
ac_cv_env_CCC_set=
ac_cv_env_CCC_value=
ac_cv_env_CC_set=set
ac_cv_env_CC_value=rsdk-linux-gcc
ac_cv_env_CFLAGS_set=set
ac_cv_env_CFLAGS_value='-Dlinux -D__linux__ -Dunix  -D_LINUX_2_6_ -I. -I/opt/tbs_toolchains/realtek/rsdk-1.5.5-5281-EB-2.6.30-0.9.30.3-110714/mips-linux//include -I/home/zhangtianchuan/gpl_825/DIR825/build/kernel/linux-2.6.30/include -I/opt/tbs_toolchains/realtek/rsdk-1.5.5-5281-EB-2.6.30-0.9.30.3-110714/mips-linux//../lib/gcc-lib/mips-linux-uclibc/3.3.5/include'
ac_cv_env_CPPFLAGS_set=
ac_cv_env_CPPFLAGS_value=
ac_cv_env_CPP_set=set
ac_cv_env_CPP_value='rsdk-linux-gcc -E'
ac_cv_env_CXXCPP_set=
ac_cv_env_CXXCPP_value=
ac_cv_env_CXXFLAGS_set=
ac_cv_env_CXXFLAGS_value=
ac_cv_env_CXX_set=
ac_cv_env_CXX_value=
ac_cv_env_F77_set=
ac_cv_env_F77_value=
ac_cv_env_FFLAGS_set=
ac_cv_env_FFLAGS_value=
ac_cv_env_LDFLAGS_set=
ac_cv_env_LDFLAGS_value=
ac_cv_env_LIBS_set=
ac_cv_env_LIBS_value=
ac_cv_env_build_alias_set=
ac_cv_env_build_alias_value=
ac_cv_env_host_alias_set=set
ac_cv_env_host_alias_value=mips-linux
ac_cv_env_target_alias_set=
ac_cv_env_target_alias_value=
ac_cv_f77_compiler_gnu=yes
ac_cv_header_dlfcn_h=yes
ac_cv_header_inttypes_h=yes
ac_cv_header_memory_h=yes
ac_cv_header_stdc=yes
ac_cv_header_stdint_h=yes
ac_cv_header_stdlib_h=yes
ac_cv_header_string_h=yes
ac_cv_header_strings_h=yes
ac_cv_header_sys_stat_h=yes
ac_cv_header_sys_types_h=yes
ac_cv_header_unistd_h=yes
ac_cv_host=mips-unknown-linux-gnu
ac_cv_objext=o
ac_cv_path_EGREP='/bin/grep -E'
ac_cv_path_GREP=/bin/grep
ac_cv_path_install='/usr/bin/install -c'
ac_cv_path_mkdir=/bin/mkdir
ac_cv_prog_AR=rsdk-linux-ar
ac_cv_prog_AWK=awk
ac_cv_prog_CC=rsdk-linux-gcc
ac_cv_prog_CPP='rsdk-linux-gcc -E'
ac_cv_prog_CXX=mips-linux-g++
ac_cv_prog_CXXCPP='mips-linux-g++ -E'
ac_cv_prog_RANLIB=rsdk-linux-ranlib
ac_cv_prog_STRIP=rsdk-linux-strip
ac_cv_prog_ac_ct_F77=gfortran
ac_cv_prog_cc_c89=
ac_cv_prog_cc_g=yes
ac_cv_prog_cxx_g=yes
ac_cv_prog_f77_g=yes
ac_cv_prog_make_make_set=yes
ac_cv_target=mips-unknown-linux-gnu
am_cv_CC_dependencies_compiler_type=gcc3
am_cv_CXX_dependencies_compiler_type=gcc3
lt_cv_deplibs_check_method=pass_all
lt_cv_file_magic_cmd='$MAGIC_CMD'
lt_cv_file_magic_test_file=
lt_cv_ld_reload_flag=-r
lt_cv_objdir=.libs
lt_cv_path_LD=rsdk-linux-ld
lt_cv_path_LDCXX=rsdk-linux-ld
lt_cv_path_NM=rsdk-linux-nm
lt_cv_path_SED=/bin/sed
lt_cv_prog_compiler_c_o=yes
lt_cv_prog_compiler_c_o_CXX=yes
lt_cv_prog_compiler_c_o_F77=yes
lt_cv_prog_compiler_rtti_exceptions=no
lt_cv_prog_gnu_ld=yes
lt_cv_prog_gnu_ldcxx=yes
lt_cv_sys_global_symbol_pipe='sed -n -e '\''s/^.*[ 	]\([ABCDGIRSTW][ABCDGIRSTW]*\)[ 	][ 	]*\([_A-Za-z][_A-Za-z0-9]*\)$/\1 \2 \2/p'\'''
lt_cv_sys_global_symbol_to_c_name_address='sed -n -e '\''s/^: \([^ ]*\) $/  {\"\1\", (lt_ptr) 0},/p'\'' -e '\''s/^[BCDEGRST] \([^ ]*\) \([^ ]*\)$/  {"\2", (lt_ptr) \&\2},/p'\'''
lt_cv_sys_global_symbol_to_cdecl='sed -n -e '\''s/^. .* \(.*\)$/extern int \1;/p'\'''
lt_cv_sys_max_cmd_len=1966080
lt_lt_cv_prog_compiler_c_o='"yes"'
lt_lt_cv_prog_compiler_c_o_CXX='"yes"'
lt_lt_cv_prog_compiler_c_o_F77='"yes"'
lt_lt_cv_sys_global_symbol_pipe='"sed -n -e '\''s/^.*[ 	]\\([ABCDGIRSTW][ABCDGIRSTW]*\\)[ 	][ 	]*\\([_A-Za-z][_A-Za-z0-9]*\\)\$/\\1 \\2 \\2/p'\''"'
lt_lt_cv_sys_global_symbol_to_c_name_address='"sed -n -e '\''s/^: \\([^ ]*\\) \$/  {\\\"\\1\\\", (lt_ptr) 0},/p'\'' -e '\''s/^[BCDEGRST] \\([^ ]*\\) \\([^ ]*\\)\$/  {\"\\2\", (lt_ptr) \\&\\2},/p'\''"'
lt_lt_cv_sys_global_symbol_to_cdecl='"sed -n -e '\''s/^. .* \\(.*\\)\$/extern int \\1;/p'\''"'

## ----------------- ##
## Output variables. ##
## ----------------- ##

ACLOCAL='${SHELL} /home/zhangtianchuan/gpl_825/DIR825/build.RTL8197DN_AC1200/opensource/libnfnetlink/libnfnetlink-0.0.33/missing --run aclocal-1.10'
AMDEPBACKSLASH='\'
AMDEP_FALSE='#'
AMDEP_TRUE=''
AMTAR='${SHELL} /home/zhangtianchuan/gpl_825/DIR825/build.RTL8197DN_AC1200/opensource/libnfnetlink/libnfnetlink-0.0.33/missing --run tar'
AR='rsdk-linux-ar'
AUTOCONF='${SHELL} /home/zhangtianchuan/gpl_825/DIR825/build.RTL8197DN_AC1200/opensource/libnfnetlink/libnfnetlink-0.0.33/missing --run autoconf'
AUTOHEADER='${SHELL} /home/zhangtianchuan/gpl_825/DIR825/build.RTL8197DN_AC1200/opensource/libnfnetlink/libnfnetlink-0.0.33/missing --run autoheader'
AUTOMAKE='${SHELL} /home/zhangtianchuan/gpl_825/DIR825/build.RTL8197DN_AC1200/opensource/libnfnetlink/libnfnetlink-0.0.33/missing --run automake-1.10'
AWK='awk'
CC='rsdk-linux-gcc'
CCDEPMODE='depmode=gcc3'
CFLAGS='-Dlinux -D__linux__ -Dunix  -D_LINUX_2_6_ -I. -I/opt/tbs_toolchains/realtek/rsdk-1.5.5-5281-EB-2.6.30-0.9.30.3-110714/mips-linux//include -I/home/zhangtianchuan/gpl_825/DIR825/build/kernel/linux-2.6.30/include -I/opt/tbs_toolchains/realtek/rsdk-1.5.5-5281-EB-2.6.30-0.9.30.3-110714/mips-linux//../lib/gcc-lib/mips-linux-uclibc/3.3.5/include'
CPP='rsdk-linux-gcc -E'
CPPFLAGS=''
CXX='mips-linux-g++'
CXXCPP='mips-linux-g++ -E'
CXXDEPMODE='depmode=gcc3'
CXXFLAGS='-g -O2'
CYGPATH_W='echo'
DEFS='-DPACKAGE_NAME=\"\" -DPACKAGE_TARNAME=\"\" -DPACKAGE_VERSION=\"\" -DPACKAGE_STRING=\"\" -DPACKAGE_BUGREPORT=\"\" -DPACKAGE=\"libnfnetlink\" -DVERSION=\"0.0.33\" -DSTDC_HEADERS=1 -DHAVE_SYS_TYPES_H=1 -DHAVE_SYS_STAT_H=1 -DHAVE_STDLIB_H=1 -DHAVE_STRING_H=1 -DHAVE_MEMORY_H=1 -DHAVE_STRINGS_H=1 -DHAVE_INTTYPES_H=1 -DHAVE_STDINT_H=1 -DHAVE_UNISTD_H=1 -DHAVE_DLFCN_H=1'
DEPDIR='.deps'
ECHO='echo'
ECHO_C=''
ECHO_N='-n'
ECHO_T=''
EGREP='/bin/grep -E'
EXEEXT=''
F77='gfortran'
FFLAGS='-g -O2'
GREP='/bin/grep'
INSTALL_DATA='${INSTALL} -m 644'
INSTALL_PROGRAM='${INSTALL}'
INSTALL_SCRIPT='${INSTALL}'
INSTALL_STRIP_PROGRAM='$(install_sh) -c -s'
LDFLAGS=''
LIBOBJS=''
LIBS=''
LIBTOOL='$(SHELL) $(top_builddir)/libtool'
LIBTOOL_DEPS='./ltmain.sh'
LN_S='ln -s'
LTLIBOBJS=''
MAKEINFO='${SHELL} /home/zhangtianchuan/gpl_825/DIR825/build.RTL8197DN_AC1200/opensource/libnfnetlink/libnfnetlink-0.0.33/missing --run makeinfo'
OBJEXT='o'
PACKAGE='libnfnetlink'
PACKAGE_BUGREPORT=''
PACKAGE_NAME=''
PACKAGE_STRING=''
PACKAGE_TARNAME=''
PACKAGE_VERSION=''
PATH_SEPARATOR=':'
RANLIB='rsdk-linux-ranlib'
SED='/bin/sed'
SET_MAKE=''
SHELL='/bin/sh'
STRIP='rsdk-linux-strip'
VERSION='0.0.33'
ac_ct_CC=''
ac_ct_CXX=''
ac_ct_F77='gfortran'
am__fastdepCC_FALSE='#'
am__fastdepCC_TRUE=''
am__fastdepCXX_FALSE='#'
am__fastdepCXX_TRUE=''
am__include='include'
am__isrc=''
am__leading_dot='.'
am__quote=''
am__tar='${AMTAR} chof - "$$tardir"'
am__untar='${AMTAR} xf -'
bindir='${exec_prefix}/bin'
build='i686-pc-linux-gnu'
build_alias=''
build_cpu='i686'
build_os='linux-gnu'
build_vendor='pc'
datadir='${datarootdir}'
datarootdir='${prefix}/share'
docdir='${datarootdir}/doc/${PACKAGE}'
dvidir='${docdir}'
exec_prefix='${prefix}'
host='mips-unknown-linux-gnu'
host_alias='mips-linux'
host_cpu='mips'
host_os='linux-gnu'
host_vendor='unknown'
htmldir='${docdir}'
includedir='${prefix}/include'
infodir='${datarootdir}/info'
install_sh='$(SHELL) /home/zhangtianchuan/gpl_825/DIR825/build.RTL8197DN_AC1200/opensource/libnfnetlink/libnfnetlink-0.0.33/install-sh'
libdir='${exec_prefix}/lib'
libexecdir='${exec_prefix}/libexec'
localedir='${datarootdir}/locale'
localstatedir='${prefix}/var'
mandir='${datarootdir}/man'
mkdir_p='/bin/mkdir -p'
oldincludedir='/usr/include'
pdfdir='${docdir}'
prefix='/home/zhangtianchuan/gpl_825/DIR825/build/tmpdist'
program_transform_name='s,x,x,'
psdir='${docdir}'
sbindir='${exec_prefix}/sbin'
sharedstatedir='${prefix}/com'
sysconfdir='${prefix}/etc'
target='mips-unknown-linux-gnu'
target_alias=''
target_cpu='mips'
target_os='linux-gnu'
target_vendor='unknown'

## ----------- ##
## confdefs.h. ##
## ----------- ##

#define PACKAGE_NAME ""
#define PACKAGE_TARNAME ""
#define PACKAGE_VERSION ""
#define PACKAGE_STRING ""
#define PACKAGE_BUGREPORT ""
#define PACKAGE "libnfnetlink"
#define VERSION "0.0.33"
#define STDC_HEADERS 1
#define HAVE_SYS_TYPES_H 1
#define HAVE_SYS_STAT_H 1
#define HAVE_STDLIB_H 1
#define HAVE_STRING_H 1
#define HAVE_MEMORY_H 1
#define HAVE_STRINGS_H 1
#define HAVE_INTTYPES_H 1
#define HAVE_STDINT_H 1
#define HAVE_UNISTD_H 1
#define HAVE_DLFCN_H 1

configure: exit 0
